[0.007s] Invoking command in '/home/spaaaaace/Ros2_buff_detect/build/buff_detect': CMAKE_PREFIX_PATH=${CMAKE_PREFIX_PATH}:/opt/ros/humble /usr/local/bin/cmake --build /home/spaaaaace/Ros2_buff_detect/build/buff_detect -- -j22 -l22
[0.017s] -- Found ament_cmake: 1.3.10 (/opt/ros/humble/share/ament_cmake/cmake)
[0.075s] -- Found rclcpp: 16.0.10 (/opt/ros/humble/share/rclcpp/cmake)
[0.094s] -- Found rosidl_generator_c: 3.1.5 (/opt/ros/humble/share/rosidl_generator_c/cmake)
[0.096s] -- Found rosidl_adapter: 3.1.5 (/opt/ros/humble/share/rosidl_adapter/cmake)
[0.102s] -- Found rosidl_generator_cpp: 3.1.5 (/opt/ros/humble/share/rosidl_generator_cpp/cmake)
[0.108s] -- Using all available rosidl_typesupport_c: rosidl_typesupport_fastrtps_c;rosidl_typesupport_introspection_c
[0.117s] -- Using all available rosidl_typesupport_cpp: rosidl_typesupport_fastrtps_cpp;rosidl_typesupport_introspection_cpp
[0.140s] -- Found rmw_implementation_cmake: 6.1.2 (/opt/ros/humble/share/rmw_implementation_cmake/cmake)
[0.140s] -- Found rmw_fastrtps_cpp: 6.2.7 (/opt/ros/humble/share/rmw_fastrtps_cpp/cmake)
[0.214s] -- Using RMW implementation 'rmw_fastrtps_cpp' as default
[0.253s] -- Found sensor_msgs: 4.2.4 (/opt/ros/humble/share/sensor_msgs/cmake)
[0.276s] -- Found cv_bridge: 3.2.1 (/opt/ros/humble/share/cv_bridge/cmake)
[0.283s] [31mCMake Error at CMakeLists.txt:14 (find_package):
[0.283s]   By not providing "Findparameter_descriptor.cmake" in CMAKE_MODULE_PATH this
[0.283s]   project has asked CMake to find a package configuration file provided by
[0.283s]   "parameter_descriptor", but CMake did not find one.
[0.283s] 
[0.283s]   Could not find a package configuration file provided by
[0.283s]   "parameter_descriptor" with any of the following names:
[0.283s] 
[0.283s]     parameter_descriptorConfig.cmake
[0.283s]     parameter_descriptor-config.cmake
[0.283s] 
[0.283s]   Add the installation prefix of "parameter_descriptor" to CMAKE_PREFIX_PATH
[0.283s]   or set "parameter_descriptor_DIR" to a directory containing one of the
[0.283s]   above files.  If "parameter_descriptor" provides a separate development
[0.283s]   package or SDK, be sure it has been installed.
[0.283s] 
[0.283s] [0m
[0.283s] -- Configuring incomplete, errors occurred!
[0.287s] gmake: *** [Makefile:267：cmake_check_build_system] 错误 1
[0.289s] Invoked command in '/home/spaaaaace/Ros2_buff_detect/build/buff_detect' returned '2': CMAKE_PREFIX_PATH=${CMAKE_PREFIX_PATH}:/opt/ros/humble /usr/local/bin/cmake --build /home/spaaaaace/Ros2_buff_detect/build/buff_detect -- -j22 -l22
