[0.006s] Invoking command in '/home/spaaaaace/Ros2_mindvision/build/mindvision_camera': CMAKE_PREFIX_PATH=${CMAKE_PREFIX_PATH}:/opt/ros/humble /usr/local/bin/cmake --build /home/spaaaaace/Ros2_mindvision/build/mindvision_camera -- -j22 -l22
[0.028s] [ 50%] Built target mindvision_camera_node
[0.029s] [100%] Built target mindvision_camera
[0.032s] Invoked command in '/home/spaaaaace/Ros2_mindvision/build/mindvision_camera' returned '0': CMAKE_PREFIX_PATH=${CMAKE_PREFIX_PATH}:/opt/ros/humble /usr/local/bin/cmake --build /home/spaaaaace/Ros2_mindvision/build/mindvision_camera -- -j22 -l22
[0.050s] Invoking command in '/home/spaaaaace/Ros2_mindvision/build/mindvision_camera': CMAKE_PREFIX_PATH=${CMAKE_PREFIX_PATH}:/opt/ros/humble /usr/local/bin/cmake --install /home/spaaaaace/Ros2_mindvision/build/mindvision_camera
[0.052s] -- Install configuration: ""
[0.052s] -- Up-to-date: /home/spaaaaace/Ros2_mindvision/install/mindvision_camera/lib/mindvision_camera/mindvision_camera_node
[0.052s] -- Up-to-date: /home/spaaaaace/Ros2_mindvision/install/mindvision_camera/share/mindvision_camera/environment/library_path.sh
[0.052s] -- Up-to-date: /home/spaaaaace/Ros2_mindvision/install/mindvision_camera/share/mindvision_camera/environment/library_path.dsv
[0.052s] -- Up-to-date: /home/spaaaaace/Ros2_mindvision/install/mindvision_camera/lib/libmindvision_camera.so
[0.052s] -- Up-to-date: /home/spaaaaace/Ros2_mindvision/install/mindvision_camera/share/mindvision_camera/config
[0.052s] -- Up-to-date: /home/spaaaaace/Ros2_mindvision/install/mindvision_camera/share/mindvision_camera/config/camera_params.yaml
[0.052s] -- Up-to-date: /home/spaaaaace/Ros2_mindvision/install/mindvision_camera/share/mindvision_camera/config/camera_info.yaml
[0.052s] -- Up-to-date: /home/spaaaaace/Ros2_mindvision/install/mindvision_camera/share/mindvision_camera/launch
[0.052s] -- Up-to-date: /home/spaaaaace/Ros2_mindvision/install/mindvision_camera/share/mindvision_camera/launch/mv_launch.py
[0.052s] -- Up-to-date: /home/spaaaaace/Ros2_mindvision/install/mindvision_camera/share/ament_index/resource_index/package_run_dependencies/mindvision_camera
[0.052s] -- Up-to-date: /home/spaaaaace/Ros2_mindvision/install/mindvision_camera/share/ament_index/resource_index/parent_prefix_path/mindvision_camera
[0.052s] -- Up-to-date: /home/spaaaaace/Ros2_mindvision/install/mindvision_camera/share/mindvision_camera/environment/ament_prefix_path.sh
[0.052s] -- Up-to-date: /home/spaaaaace/Ros2_mindvision/install/mindvision_camera/share/mindvision_camera/environment/ament_prefix_path.dsv
[0.053s] -- Up-to-date: /home/spaaaaace/Ros2_mindvision/install/mindvision_camera/share/mindvision_camera/environment/path.sh
[0.053s] -- Up-to-date: /home/spaaaaace/Ros2_mindvision/install/mindvision_camera/share/mindvision_camera/environment/path.dsv
[0.053s] -- Up-to-date: /home/spaaaaace/Ros2_mindvision/install/mindvision_camera/share/mindvision_camera/local_setup.bash
[0.053s] -- Up-to-date: /home/spaaaaace/Ros2_mindvision/install/mindvision_camera/share/mindvision_camera/local_setup.sh
[0.053s] -- Up-to-date: /home/spaaaaace/Ros2_mindvision/install/mindvision_camera/share/mindvision_camera/local_setup.zsh
[0.053s] -- Up-to-date: /home/spaaaaace/Ros2_mindvision/install/mindvision_camera/share/mindvision_camera/local_setup.dsv
[0.053s] -- Installing: /home/spaaaaace/Ros2_mindvision/install/mindvision_camera/share/mindvision_camera/package.dsv
[0.053s] -- Up-to-date: /home/spaaaaace/Ros2_mindvision/install/mindvision_camera/share/ament_index/resource_index/packages/mindvision_camera
[0.053s] -- Up-to-date: /home/spaaaaace/Ros2_mindvision/install/mindvision_camera/share/ament_index/resource_index/rclcpp_components/mindvision_camera
[0.053s] -- Up-to-date: /home/spaaaaace/Ros2_mindvision/install/mindvision_camera/share/mindvision_camera/cmake/ament_cmake_export_dependencies-extras.cmake
[0.053s] -- Up-to-date: /home/spaaaaace/Ros2_mindvision/install/mindvision_camera/share/mindvision_camera/cmake/ament_cmake_export_libraries-extras.cmake
[0.053s] -- Up-to-date: /home/spaaaaace/Ros2_mindvision/install/mindvision_camera/share/mindvision_camera/cmake/mindvision_cameraConfig.cmake
[0.053s] -- Up-to-date: /home/spaaaaace/Ros2_mindvision/install/mindvision_camera/share/mindvision_camera/cmake/mindvision_cameraConfig-version.cmake
[0.053s] -- Up-to-date: /home/spaaaaace/Ros2_mindvision/install/mindvision_camera/share/mindvision_camera/package.xml
[0.054s] Invoked command in '/home/spaaaaace/Ros2_mindvision/build/mindvision_camera' returned '0': CMAKE_PREFIX_PATH=${CMAKE_PREFIX_PATH}:/opt/ros/humble /usr/local/bin/cmake --install /home/spaaaaace/Ros2_mindvision/build/mindvision_camera
