[0.051s] DEBUG:colcon:Command line arguments: ['/usr/bin/colcon', 'build']
[0.051s] DEBUG:colcon:Parsed command line arguments: Namespace(log_base=None, log_level=None, verb_name='build', build_base='build', install_base='install', merge_install=False, symlink_install=False, test_result_base=None, continue_on_error=False, executor='parallel', parallel_workers=22, event_handlers=None, ignore_user_meta=False, metas=['./colcon.meta'], base_paths=['.'], packages_ignore=None, packages_ignore_regex=None, paths=None, packages_up_to=None, packages_up_to_regex=None, packages_above=None, packages_above_and_dependencies=None, packages_above_depth=None, packages_select_by_dep=None, packages_skip_by_dep=None, packages_skip_up_to=None, packages_select_build_failed=False, packages_skip_build_finished=False, packages_select_test_failures=False, packages_skip_test_passed=False, packages_select=None, packages_skip=None, packages_select_regex=None, packages_skip_regex=None, packages_start=None, packages_end=None, allow_overriding=[], cmake_args=None, cmake_target=None, cmake_target_skip_unavailable=False, cmake_clean_cache=False, cmake_clean_first=False, cmake_force_configure=False, ament_cmake_args=None, catkin_cmake_args=None, catkin_skip_building_tests=False, verb_parser=<colcon_defaults.argument_parser.defaults.DefaultArgumentsDecorator object at 0x7ce15da07be0>, verb_extension=<colcon_core.verb.build.BuildVerb object at 0x7ce15da07670>, main=<bound method BuildVerb.main of <colcon_core.verb.build.BuildVerb object at 0x7ce15da07670>>)
[0.126s] Level 1:colcon.colcon_core.package_discovery:discover_packages(colcon_meta) check parameters
[0.126s] Level 1:colcon.colcon_core.package_discovery:discover_packages(recursive) check parameters
[0.126s] Level 1:colcon.colcon_core.package_discovery:discover_packages(ignore) check parameters
[0.126s] Level 1:colcon.colcon_core.package_discovery:discover_packages(path) check parameters
[0.126s] Level 1:colcon.colcon_core.package_discovery:discover_packages(colcon_meta) discover
[0.126s] Level 1:colcon.colcon_core.package_discovery:discover_packages(recursive) discover
[0.126s] INFO:colcon.colcon_core.package_discovery:Crawling recursively for packages in '/home/spaaaaace/Ros2_mindvision'
[0.126s] Level 1:colcon.colcon_core.package_identification:_identify(.) by extensions ['ignore', 'ignore_ament_install']
[0.126s] Level 1:colcon.colcon_core.package_identification:_identify(.) by extension 'ignore'
[0.126s] Level 1:colcon.colcon_core.package_identification:_identify(.) by extension 'ignore_ament_install'
[0.126s] Level 1:colcon.colcon_core.package_identification:_identify(.) by extensions ['colcon_pkg']
[0.127s] Level 1:colcon.colcon_core.package_identification:_identify(.) by extension 'colcon_pkg'
[0.127s] Level 1:colcon.colcon_core.package_identification:_identify(.) by extensions ['colcon_meta']
[0.127s] Level 1:colcon.colcon_core.package_identification:_identify(.) by extension 'colcon_meta'
[0.127s] Level 1:colcon.colcon_core.package_identification:_identify(.) by extensions ['ros']
[0.127s] Level 1:colcon.colcon_core.package_identification:_identify(.) by extension 'ros'
[0.132s] Level 1:colcon.colcon_core.package_identification:_identify(.) by extensions ['cmake', 'python']
[0.132s] Level 1:colcon.colcon_core.package_identification:_identify(.) by extension 'cmake'
[0.132s] Level 1:colcon.colcon_core.package_identification:_identify(.) by extension 'python'
[0.132s] Level 1:colcon.colcon_core.package_identification:_identify(.) by extensions ['python_setup_py']
[0.132s] Level 1:colcon.colcon_core.package_identification:_identify(.) by extension 'python_setup_py'
[0.132s] Level 1:colcon.colcon_core.package_identification:_identify(build) by extensions ['ignore', 'ignore_ament_install']
[0.133s] Level 1:colcon.colcon_core.package_identification:_identify(build) by extension 'ignore'
[0.133s] Level 1:colcon.colcon_core.package_identification:_identify(build) ignored
[0.133s] Level 1:colcon.colcon_core.package_identification:_identify(install) by extensions ['ignore', 'ignore_ament_install']
[0.133s] Level 1:colcon.colcon_core.package_identification:_identify(install) by extension 'ignore'
[0.133s] Level 1:colcon.colcon_core.package_identification:_identify(install) ignored
[0.133s] Level 1:colcon.colcon_core.package_identification:_identify(log) by extensions ['ignore', 'ignore_ament_install']
[0.133s] Level 1:colcon.colcon_core.package_identification:_identify(log) by extension 'ignore'
[0.133s] Level 1:colcon.colcon_core.package_identification:_identify(log) ignored
[0.133s] Level 1:colcon.colcon_core.package_identification:_identify(src) by extensions ['ignore', 'ignore_ament_install']
[0.133s] Level 1:colcon.colcon_core.package_identification:_identify(src) by extension 'ignore'
[0.133s] Level 1:colcon.colcon_core.package_identification:_identify(src) by extension 'ignore_ament_install'
[0.133s] Level 1:colcon.colcon_core.package_identification:_identify(src) by extensions ['colcon_pkg']
[0.133s] Level 1:colcon.colcon_core.package_identification:_identify(src) by extension 'colcon_pkg'
[0.133s] Level 1:colcon.colcon_core.package_identification:_identify(src) by extensions ['colcon_meta']
[0.133s] Level 1:colcon.colcon_core.package_identification:_identify(src) by extension 'colcon_meta'
[0.133s] Level 1:colcon.colcon_core.package_identification:_identify(src) by extensions ['ros']
[0.133s] Level 1:colcon.colcon_core.package_identification:_identify(src) by extension 'ros'
[0.133s] Level 1:colcon.colcon_core.package_identification:_identify(src) by extensions ['cmake', 'python']
[0.133s] Level 1:colcon.colcon_core.package_identification:_identify(src) by extension 'cmake'
[0.133s] Level 1:colcon.colcon_core.package_identification:_identify(src) by extension 'python'
[0.133s] Level 1:colcon.colcon_core.package_identification:_identify(src) by extensions ['python_setup_py']
[0.133s] Level 1:colcon.colcon_core.package_identification:_identify(src) by extension 'python_setup_py'
[0.133s] Level 1:colcon.colcon_core.package_identification:_identify(src/buff_detect) by extensions ['ignore', 'ignore_ament_install']
[0.133s] Level 1:colcon.colcon_core.package_identification:_identify(src/buff_detect) by extension 'ignore'
[0.133s] Level 1:colcon.colcon_core.package_identification:_identify(src/buff_detect) by extension 'ignore_ament_install'
[0.133s] Level 1:colcon.colcon_core.package_identification:_identify(src/buff_detect) by extensions ['colcon_pkg']
[0.133s] Level 1:colcon.colcon_core.package_identification:_identify(src/buff_detect) by extension 'colcon_pkg'
[0.133s] Level 1:colcon.colcon_core.package_identification:_identify(src/buff_detect) by extensions ['colcon_meta']
[0.133s] Level 1:colcon.colcon_core.package_identification:_identify(src/buff_detect) by extension 'colcon_meta'
[0.133s] Level 1:colcon.colcon_core.package_identification:_identify(src/buff_detect) by extensions ['ros']
[0.133s] Level 1:colcon.colcon_core.package_identification:_identify(src/buff_detect) by extension 'ros'
[0.135s] DEBUG:colcon.colcon_core.package_identification:Package 'src/buff_detect' with type 'ros.ament_cmake' and name 'buff_detect'
[0.135s] Level 1:colcon.colcon_core.package_identification:_identify(src/ros2_mindvision_camera) by extensions ['ignore', 'ignore_ament_install']
[0.135s] Level 1:colcon.colcon_core.package_identification:_identify(src/ros2_mindvision_camera) by extension 'ignore'
[0.135s] Level 1:colcon.colcon_core.package_identification:_identify(src/ros2_mindvision_camera) by extension 'ignore_ament_install'
[0.135s] Level 1:colcon.colcon_core.package_identification:_identify(src/ros2_mindvision_camera) by extensions ['colcon_pkg']
[0.135s] Level 1:colcon.colcon_core.package_identification:_identify(src/ros2_mindvision_camera) by extension 'colcon_pkg'
[0.135s] Level 1:colcon.colcon_core.package_identification:_identify(src/ros2_mindvision_camera) by extensions ['colcon_meta']
[0.135s] Level 1:colcon.colcon_core.package_identification:_identify(src/ros2_mindvision_camera) by extension 'colcon_meta'
[0.135s] Level 1:colcon.colcon_core.package_identification:_identify(src/ros2_mindvision_camera) by extensions ['ros']
[0.135s] Level 1:colcon.colcon_core.package_identification:_identify(src/ros2_mindvision_camera) by extension 'ros'
[0.135s] DEBUG:colcon.colcon_core.package_identification:Package 'src/ros2_mindvision_camera' with type 'ros.ament_cmake' and name 'mindvision_camera'
[0.135s] Level 1:colcon.colcon_core.package_discovery:discover_packages(recursive) using defaults
[0.135s] Level 1:colcon.colcon_core.package_discovery:discover_packages(ignore) discover
[0.135s] Level 1:colcon.colcon_core.package_discovery:discover_packages(ignore) using defaults
[0.135s] Level 1:colcon.colcon_core.package_discovery:discover_packages(path) discover
[0.135s] Level 1:colcon.colcon_core.package_discovery:discover_packages(path) using defaults
[0.145s] Level 1:colcon.colcon_core.package_discovery:discover_packages(prefix_path) check parameters
[0.145s] Level 1:colcon.colcon_core.package_discovery:discover_packages(prefix_path) discover
[0.147s] DEBUG:colcon.colcon_installed_package_information.package_discovery:Found 2 installed packages in /home/spaaaaace/Ros2_mindvision/install
[0.147s] DEBUG:colcon.colcon_installed_package_information.package_discovery:Found 286 installed packages in /opt/ros/humble
[0.153s] Level 1:colcon.colcon_core.package_discovery:discover_packages(prefix_path) using defaults
[0.171s] Level 5:colcon.colcon_core.verb:set package 'buff_detect' build argument 'cmake_args' from command line to 'None'
[0.171s] Level 5:colcon.colcon_core.verb:set package 'buff_detect' build argument 'cmake_target' from command line to 'None'
[0.171s] Level 5:colcon.colcon_core.verb:set package 'buff_detect' build argument 'cmake_target_skip_unavailable' from command line to 'False'
[0.171s] Level 5:colcon.colcon_core.verb:set package 'buff_detect' build argument 'cmake_clean_cache' from command line to 'False'
[0.171s] Level 5:colcon.colcon_core.verb:set package 'buff_detect' build argument 'cmake_clean_first' from command line to 'False'
[0.171s] Level 5:colcon.colcon_core.verb:set package 'buff_detect' build argument 'cmake_force_configure' from command line to 'False'
[0.171s] Level 5:colcon.colcon_core.verb:set package 'buff_detect' build argument 'ament_cmake_args' from command line to 'None'
[0.171s] Level 5:colcon.colcon_core.verb:set package 'buff_detect' build argument 'catkin_cmake_args' from command line to 'None'
[0.171s] Level 5:colcon.colcon_core.verb:set package 'buff_detect' build argument 'catkin_skip_building_tests' from command line to 'False'
[0.172s] DEBUG:colcon.colcon_core.verb:Building package 'buff_detect' with the following arguments: {'ament_cmake_args': None, 'build_base': '/home/spaaaaace/Ros2_mindvision/build/buff_detect', 'catkin_cmake_args': None, 'catkin_skip_building_tests': False, 'cmake_args': None, 'cmake_clean_cache': False, 'cmake_clean_first': False, 'cmake_force_configure': False, 'cmake_target': None, 'cmake_target_skip_unavailable': False, 'install_base': '/home/spaaaaace/Ros2_mindvision/install/buff_detect', 'merge_install': False, 'path': '/home/spaaaaace/Ros2_mindvision/src/buff_detect', 'symlink_install': False, 'test_result_base': None}
[0.172s] Level 5:colcon.colcon_core.verb:set package 'mindvision_camera' build argument 'cmake_args' from command line to 'None'
[0.172s] Level 5:colcon.colcon_core.verb:set package 'mindvision_camera' build argument 'cmake_target' from command line to 'None'
[0.172s] Level 5:colcon.colcon_core.verb:set package 'mindvision_camera' build argument 'cmake_target_skip_unavailable' from command line to 'False'
[0.172s] Level 5:colcon.colcon_core.verb:set package 'mindvision_camera' build argument 'cmake_clean_cache' from command line to 'False'
[0.172s] Level 5:colcon.colcon_core.verb:set package 'mindvision_camera' build argument 'cmake_clean_first' from command line to 'False'
[0.172s] Level 5:colcon.colcon_core.verb:set package 'mindvision_camera' build argument 'cmake_force_configure' from command line to 'False'
[0.172s] Level 5:colcon.colcon_core.verb:set package 'mindvision_camera' build argument 'ament_cmake_args' from command line to 'None'
[0.172s] Level 5:colcon.colcon_core.verb:set package 'mindvision_camera' build argument 'catkin_cmake_args' from command line to 'None'
[0.172s] Level 5:colcon.colcon_core.verb:set package 'mindvision_camera' build argument 'catkin_skip_building_tests' from command line to 'False'
[0.172s] DEBUG:colcon.colcon_core.verb:Building package 'mindvision_camera' with the following arguments: {'ament_cmake_args': None, 'build_base': '/home/spaaaaace/Ros2_mindvision/build/mindvision_camera', 'catkin_cmake_args': None, 'catkin_skip_building_tests': False, 'cmake_args': None, 'cmake_clean_cache': False, 'cmake_clean_first': False, 'cmake_force_configure': False, 'cmake_target': None, 'cmake_target_skip_unavailable': False, 'install_base': '/home/spaaaaace/Ros2_mindvision/install/mindvision_camera', 'merge_install': False, 'path': '/home/spaaaaace/Ros2_mindvision/src/ros2_mindvision_camera', 'symlink_install': False, 'test_result_base': None}
[0.172s] INFO:colcon.colcon_core.executor:Executing jobs using 'parallel' executor
[0.173s] DEBUG:colcon.colcon_parallel_executor.executor.parallel:run_until_complete
[0.173s] INFO:colcon.colcon_ros.task.ament_cmake.build:Building ROS package in '/home/spaaaaace/Ros2_mindvision/src/buff_detect' with build type 'ament_cmake'
[0.173s] INFO:colcon.colcon_cmake.task.cmake.build:Building CMake package in '/home/spaaaaace/Ros2_mindvision/src/buff_detect'
[0.175s] INFO:colcon.colcon_core.plugin_system:Skipping extension 'colcon_core.shell.bat': Not used on non-Windows systems
[0.175s] INFO:colcon.colcon_core.shell:Skip shell extension 'powershell' for command environment: Not usable outside of PowerShell
[0.175s] DEBUG:colcon.colcon_core.shell:Skip shell extension 'dsv' for command environment
[0.178s] INFO:colcon.colcon_ros.task.ament_cmake.build:Building ROS package in '/home/spaaaaace/Ros2_mindvision/src/ros2_mindvision_camera' with build type 'ament_cmake'
[0.179s] INFO:colcon.colcon_cmake.task.cmake.build:Building CMake package in '/home/spaaaaace/Ros2_mindvision/src/ros2_mindvision_camera'
[0.179s] INFO:colcon.colcon_core.shell:Skip shell extension 'powershell' for command environment: Not usable outside of PowerShell
[0.179s] DEBUG:colcon.colcon_core.shell:Skip shell extension 'dsv' for command environment
[0.182s] DEBUG:colcon.colcon_core.event_handler.log_command:Invoking command in '/home/spaaaaace/Ros2_mindvision/build/buff_detect': CMAKE_PREFIX_PATH=${CMAKE_PREFIX_PATH}:/opt/ros/humble /usr/local/bin/cmake --build /home/spaaaaace/Ros2_mindvision/build/buff_detect -- -j22 -l22
[0.184s] DEBUG:colcon.colcon_core.event_handler.log_command:Invoking command in '/home/spaaaaace/Ros2_mindvision/build/mindvision_camera': CMAKE_PREFIX_PATH=${CMAKE_PREFIX_PATH}:/opt/ros/humble /usr/local/bin/cmake --build /home/spaaaaace/Ros2_mindvision/build/mindvision_camera -- -j22 -l22
[0.211s] DEBUG:colcon.colcon_core.event_handler.log_command:Invoked command in '/home/spaaaaace/Ros2_mindvision/build/mindvision_camera' returned '0': CMAKE_PREFIX_PATH=${CMAKE_PREFIX_PATH}:/opt/ros/humble /usr/local/bin/cmake --build /home/spaaaaace/Ros2_mindvision/build/mindvision_camera -- -j22 -l22
[0.228s] DEBUG:colcon.colcon_core.event_handler.log_command:Invoking command in '/home/spaaaaace/Ros2_mindvision/build/mindvision_camera': CMAKE_PREFIX_PATH=${CMAKE_PREFIX_PATH}:/opt/ros/humble /usr/local/bin/cmake --install /home/spaaaaace/Ros2_mindvision/build/mindvision_camera
[0.233s] Level 1:colcon.colcon_core.environment:create_environment_scripts_only(mindvision_camera)
[0.233s] DEBUG:colcon.colcon_core.event_handler.log_command:Invoked command in '/home/spaaaaace/Ros2_mindvision/build/mindvision_camera' returned '0': CMAKE_PREFIX_PATH=${CMAKE_PREFIX_PATH}:/opt/ros/humble /usr/local/bin/cmake --install /home/spaaaaace/Ros2_mindvision/build/mindvision_camera
[0.235s] Level 1:colcon.colcon_core.environment:checking '/home/spaaaaace/Ros2_mindvision/install/mindvision_camera' for CMake module files
[0.236s] Level 1:colcon.colcon_core.environment:checking '/home/spaaaaace/Ros2_mindvision/install/mindvision_camera' for CMake config files
[0.236s] Level 1:colcon.colcon_core.shell:create_environment_hook('mindvision_camera', 'cmake_prefix_path')
[0.236s] INFO:colcon.colcon_core.shell:Creating environment hook '/home/spaaaaace/Ros2_mindvision/install/mindvision_camera/share/mindvision_camera/hook/cmake_prefix_path.ps1'
[0.236s] INFO:colcon.colcon_core.shell:Creating environment descriptor '/home/spaaaaace/Ros2_mindvision/install/mindvision_camera/share/mindvision_camera/hook/cmake_prefix_path.dsv'
[0.237s] INFO:colcon.colcon_core.shell:Creating environment hook '/home/spaaaaace/Ros2_mindvision/install/mindvision_camera/share/mindvision_camera/hook/cmake_prefix_path.sh'
[0.237s] Level 1:colcon.colcon_core.environment:checking '/home/spaaaaace/Ros2_mindvision/install/mindvision_camera/lib'
[0.237s] Level 1:colcon.colcon_core.shell:create_environment_hook('mindvision_camera', 'ld_library_path_lib')
[0.237s] INFO:colcon.colcon_core.shell:Creating environment hook '/home/spaaaaace/Ros2_mindvision/install/mindvision_camera/share/mindvision_camera/hook/ld_library_path_lib.ps1'
[0.238s] INFO:colcon.colcon_core.shell:Creating environment descriptor '/home/spaaaaace/Ros2_mindvision/install/mindvision_camera/share/mindvision_camera/hook/ld_library_path_lib.dsv'
[0.238s] INFO:colcon.colcon_core.shell:Creating environment hook '/home/spaaaaace/Ros2_mindvision/install/mindvision_camera/share/mindvision_camera/hook/ld_library_path_lib.sh'
[0.238s] Level 1:colcon.colcon_core.environment:checking '/home/spaaaaace/Ros2_mindvision/install/mindvision_camera/bin'
[0.238s] Level 1:colcon.colcon_core.environment:checking '/home/spaaaaace/Ros2_mindvision/install/mindvision_camera/lib/pkgconfig/mindvision_camera.pc'
[0.238s] Level 1:colcon.colcon_core.environment:checking '/home/spaaaaace/Ros2_mindvision/install/mindvision_camera/lib/python3.10/site-packages'
[0.238s] Level 1:colcon.colcon_core.environment:checking '/home/spaaaaace/Ros2_mindvision/install/mindvision_camera/bin'
[0.238s] INFO:colcon.colcon_core.shell:Creating package script '/home/spaaaaace/Ros2_mindvision/install/mindvision_camera/share/mindvision_camera/package.ps1'
[0.239s] INFO:colcon.colcon_core.shell:Creating package descriptor '/home/spaaaaace/Ros2_mindvision/install/mindvision_camera/share/mindvision_camera/package.dsv'
[0.239s] INFO:colcon.colcon_core.shell:Creating package script '/home/spaaaaace/Ros2_mindvision/install/mindvision_camera/share/mindvision_camera/package.sh'
[0.240s] INFO:colcon.colcon_core.shell:Creating package script '/home/spaaaaace/Ros2_mindvision/install/mindvision_camera/share/mindvision_camera/package.bash'
[0.240s] INFO:colcon.colcon_core.shell:Creating package script '/home/spaaaaace/Ros2_mindvision/install/mindvision_camera/share/mindvision_camera/package.zsh'
[0.240s] Level 1:colcon.colcon_core.environment:create_file_with_runtime_dependencies(/home/spaaaaace/Ros2_mindvision/install/mindvision_camera/share/colcon-core/packages/mindvision_camera)
[0.256s] Level 1:colcon.colcon_core.environment:create_environment_scripts_only(mindvision_camera)
[0.256s] Level 1:colcon.colcon_core.environment:checking '/home/spaaaaace/Ros2_mindvision/install/mindvision_camera' for CMake module files
[0.256s] Level 1:colcon.colcon_core.environment:checking '/home/spaaaaace/Ros2_mindvision/install/mindvision_camera' for CMake config files
[0.257s] Level 1:colcon.colcon_core.shell:create_environment_hook('mindvision_camera', 'cmake_prefix_path')
[0.257s] INFO:colcon.colcon_core.shell:Creating environment hook '/home/spaaaaace/Ros2_mindvision/install/mindvision_camera/share/mindvision_camera/hook/cmake_prefix_path.ps1'
[0.257s] INFO:colcon.colcon_core.shell:Creating environment descriptor '/home/spaaaaace/Ros2_mindvision/install/mindvision_camera/share/mindvision_camera/hook/cmake_prefix_path.dsv'
[0.257s] INFO:colcon.colcon_core.shell:Creating environment hook '/home/spaaaaace/Ros2_mindvision/install/mindvision_camera/share/mindvision_camera/hook/cmake_prefix_path.sh'
[0.258s] Level 1:colcon.colcon_core.environment:checking '/home/spaaaaace/Ros2_mindvision/install/mindvision_camera/lib'
[0.258s] Level 1:colcon.colcon_core.shell:create_environment_hook('mindvision_camera', 'ld_library_path_lib')
[0.258s] INFO:colcon.colcon_core.shell:Creating environment hook '/home/spaaaaace/Ros2_mindvision/install/mindvision_camera/share/mindvision_camera/hook/ld_library_path_lib.ps1'
[0.258s] INFO:colcon.colcon_core.shell:Creating environment descriptor '/home/spaaaaace/Ros2_mindvision/install/mindvision_camera/share/mindvision_camera/hook/ld_library_path_lib.dsv'
[0.258s] INFO:colcon.colcon_core.shell:Creating environment hook '/home/spaaaaace/Ros2_mindvision/install/mindvision_camera/share/mindvision_camera/hook/ld_library_path_lib.sh'
[0.258s] Level 1:colcon.colcon_core.environment:checking '/home/spaaaaace/Ros2_mindvision/install/mindvision_camera/bin'
[0.258s] Level 1:colcon.colcon_core.environment:checking '/home/spaaaaace/Ros2_mindvision/install/mindvision_camera/lib/pkgconfig/mindvision_camera.pc'
[0.258s] Level 1:colcon.colcon_core.environment:checking '/home/spaaaaace/Ros2_mindvision/install/mindvision_camera/lib/python3.10/site-packages'
[0.259s] Level 1:colcon.colcon_core.environment:checking '/home/spaaaaace/Ros2_mindvision/install/mindvision_camera/bin'
[0.259s] INFO:colcon.colcon_core.shell:Creating package script '/home/spaaaaace/Ros2_mindvision/install/mindvision_camera/share/mindvision_camera/package.ps1'
[0.259s] INFO:colcon.colcon_core.shell:Creating package descriptor '/home/spaaaaace/Ros2_mindvision/install/mindvision_camera/share/mindvision_camera/package.dsv'
[0.259s] INFO:colcon.colcon_core.shell:Creating package script '/home/spaaaaace/Ros2_mindvision/install/mindvision_camera/share/mindvision_camera/package.sh'
[0.259s] INFO:colcon.colcon_core.shell:Creating package script '/home/spaaaaace/Ros2_mindvision/install/mindvision_camera/share/mindvision_camera/package.bash'
[0.260s] INFO:colcon.colcon_core.shell:Creating package script '/home/spaaaaace/Ros2_mindvision/install/mindvision_camera/share/mindvision_camera/package.zsh'
[0.260s] Level 1:colcon.colcon_core.environment:create_file_with_runtime_dependencies(/home/spaaaaace/Ros2_mindvision/install/mindvision_camera/share/colcon-core/packages/mindvision_camera)
[3.275s] DEBUG:colcon.colcon_core.event_handler.log_command:Invoked command in '/home/spaaaaace/Ros2_mindvision/build/buff_detect' returned '2': CMAKE_PREFIX_PATH=${CMAKE_PREFIX_PATH}:/opt/ros/humble /usr/local/bin/cmake --build /home/spaaaaace/Ros2_mindvision/build/buff_detect -- -j22 -l22
[3.289s] Level 1:colcon.colcon_core.environment:create_environment_scripts_only(buff_detect)
[3.289s] Level 1:colcon.colcon_core.environment:checking '/home/spaaaaace/Ros2_mindvision/install/buff_detect' for CMake module files
[3.290s] Level 1:colcon.colcon_core.environment:checking '/home/spaaaaace/Ros2_mindvision/install/buff_detect' for CMake config files
[3.290s] Level 1:colcon.colcon_core.shell:create_environment_hook('buff_detect', 'cmake_prefix_path')
[3.290s] INFO:colcon.colcon_core.shell:Creating environment hook '/home/spaaaaace/Ros2_mindvision/install/buff_detect/share/buff_detect/hook/cmake_prefix_path.ps1'
[3.290s] INFO:colcon.colcon_core.shell:Creating environment descriptor '/home/spaaaaace/Ros2_mindvision/install/buff_detect/share/buff_detect/hook/cmake_prefix_path.dsv'
[3.291s] INFO:colcon.colcon_core.shell:Creating environment hook '/home/spaaaaace/Ros2_mindvision/install/buff_detect/share/buff_detect/hook/cmake_prefix_path.sh'
[3.291s] Level 1:colcon.colcon_core.environment:checking '/home/spaaaaace/Ros2_mindvision/install/buff_detect/lib'
[3.291s] Level 1:colcon.colcon_core.environment:checking '/home/spaaaaace/Ros2_mindvision/install/buff_detect/bin'
[3.291s] Level 1:colcon.colcon_core.environment:checking '/home/spaaaaace/Ros2_mindvision/install/buff_detect/lib/pkgconfig/buff_detect.pc'
[3.291s] Level 1:colcon.colcon_core.environment:checking '/home/spaaaaace/Ros2_mindvision/install/buff_detect/lib/python3.10/site-packages'
[3.291s] Level 1:colcon.colcon_core.environment:checking '/home/spaaaaace/Ros2_mindvision/install/buff_detect/bin'
[3.291s] INFO:colcon.colcon_core.shell:Creating package script '/home/spaaaaace/Ros2_mindvision/install/buff_detect/share/buff_detect/package.ps1'
[3.292s] INFO:colcon.colcon_core.shell:Creating package descriptor '/home/spaaaaace/Ros2_mindvision/install/buff_detect/share/buff_detect/package.dsv'
[3.292s] INFO:colcon.colcon_core.shell:Creating package script '/home/spaaaaace/Ros2_mindvision/install/buff_detect/share/buff_detect/package.sh'
[3.292s] INFO:colcon.colcon_core.shell:Creating package script '/home/spaaaaace/Ros2_mindvision/install/buff_detect/share/buff_detect/package.bash'
[3.292s] INFO:colcon.colcon_core.shell:Creating package script '/home/spaaaaace/Ros2_mindvision/install/buff_detect/share/buff_detect/package.zsh'
[3.292s] Level 1:colcon.colcon_core.environment:create_file_with_runtime_dependencies(/home/spaaaaace/Ros2_mindvision/install/buff_detect/share/colcon-core/packages/buff_detect)
[3.303s] DEBUG:colcon.colcon_parallel_executor.executor.parallel:closing loop
[3.303s] DEBUG:colcon.colcon_parallel_executor.executor.parallel:loop closed
[3.303s] DEBUG:colcon.colcon_parallel_executor.executor.parallel:run_until_complete finished with '2'
[3.303s] DEBUG:colcon.colcon_core.event_reactor:joining thread
[3.307s] INFO:colcon.colcon_core.plugin_system:Skipping extension 'colcon_notification.desktop_notification.terminal_notifier': Not used on non-Darwin systems
[3.307s] INFO:colcon.colcon_core.plugin_system:Skipping extension 'colcon_notification.desktop_notification.win32': Not used on non-Windows systems
[3.307s] INFO:colcon.colcon_notification.desktop_notification:Sending desktop notification using 'notify2'
[3.309s] DEBUG:colcon.colcon_notification.desktop_notification.notify2:Failed to initialize notify2: org.freedesktop.DBus.Error.Spawn.ExecFailed: /usr/bin/dbus-launch terminated abnormally without any error message
[3.309s] DEBUG:colcon.colcon_core.event_reactor:joined thread
[3.309s] INFO:colcon.colcon_core.shell:Creating prefix script '/home/spaaaaace/Ros2_mindvision/install/local_setup.ps1'
[3.310s] INFO:colcon.colcon_core.shell:Creating prefix util module '/home/spaaaaace/Ros2_mindvision/install/_local_setup_util_ps1.py'
[3.311s] INFO:colcon.colcon_core.shell:Creating prefix chain script '/home/spaaaaace/Ros2_mindvision/install/setup.ps1'
[3.311s] INFO:colcon.colcon_core.shell:Creating prefix script '/home/spaaaaace/Ros2_mindvision/install/local_setup.sh'
[3.311s] INFO:colcon.colcon_core.shell:Creating prefix util module '/home/spaaaaace/Ros2_mindvision/install/_local_setup_util_sh.py'
[3.312s] INFO:colcon.colcon_core.shell:Creating prefix chain script '/home/spaaaaace/Ros2_mindvision/install/setup.sh'
[3.312s] INFO:colcon.colcon_core.shell:Creating prefix script '/home/spaaaaace/Ros2_mindvision/install/local_setup.bash'
[3.312s] INFO:colcon.colcon_core.shell:Creating prefix chain script '/home/spaaaaace/Ros2_mindvision/install/setup.bash'
[3.313s] INFO:colcon.colcon_core.shell:Creating prefix script '/home/spaaaaace/Ros2_mindvision/install/local_setup.zsh'
[3.313s] INFO:colcon.colcon_core.shell:Creating prefix chain script '/home/spaaaaace/Ros2_mindvision/install/setup.zsh'
