[0.008s] Invoking command in '/home/spaaaaace/Ros2_buff_detect/build/buff_detect': CMAKE_PREFIX_PATH=${CMAKE_PREFIX_PATH}:/opt/ros/humble /usr/local/bin/cmake --build /home/spaaaaace/Ros2_buff_detect/build/buff_detect -- -j22 -l22
[0.029s] [ 50%] [32mBuilding CXX object CMakeFiles/buff_detect.dir/src/buff_detect.cpp.o[0m
[5.394s] [100%] [32m[1mLinking CXX executable buff_detect[0m
[5.500s] /usr/bin/ld: warning: libopencv_imgproc.so.4.5d, needed by /opt/ros/humble/lib/libcv_bridge.so, may conflict with libopencv_imgproc.so.410
[5.500s] /usr/bin/ld: warning: libopencv_core.so.4.5d, needed by /opt/ros/humble/lib/libcv_bridge.so, may conflict with libopencv_core.so.410
[5.765s] [100%] Built target buff_detect
[5.773s] Invoked command in '/home/spaaaaace/Ros2_buff_detect/build/buff_detect' returned '0': CMAKE_PREFIX_PATH=${CMAKE_PREFIX_PATH}:/opt/ros/humble /usr/local/bin/cmake --build /home/spaaaaace/Ros2_buff_detect/build/buff_detect -- -j22 -l22
[5.787s] Invoking command in '/home/spaaaaace/Ros2_buff_detect/build/buff_detect': CMAKE_PREFIX_PATH=${CMAKE_PREFIX_PATH}:/opt/ros/humble /usr/local/bin/cmake --install /home/spaaaaace/Ros2_buff_detect/build/buff_detect
[5.788s] -- Install configuration: ""
[5.788s] -- Installing: /home/spaaaaace/Ros2_buff_detect/install/buff_detect/lib/buff_detect/buff_detect
[5.790s] -- Set runtime path of "/home/spaaaaace/Ros2_buff_detect/install/buff_detect/lib/buff_detect/buff_detect" to ""
[5.790s] -- Up-to-date: /home/spaaaaace/Ros2_buff_detect/install/buff_detect/share/ament_index/resource_index/package_run_dependencies/buff_detect
[5.790s] -- Up-to-date: /home/spaaaaace/Ros2_buff_detect/install/buff_detect/share/ament_index/resource_index/parent_prefix_path/buff_detect
[5.790s] -- Up-to-date: /home/spaaaaace/Ros2_buff_detect/install/buff_detect/share/buff_detect/environment/ament_prefix_path.sh
[5.790s] -- Up-to-date: /home/spaaaaace/Ros2_buff_detect/install/buff_detect/share/buff_detect/environment/ament_prefix_path.dsv
[5.790s] -- Up-to-date: /home/spaaaaace/Ros2_buff_detect/install/buff_detect/share/buff_detect/environment/path.sh
[5.790s] -- Up-to-date: /home/spaaaaace/Ros2_buff_detect/install/buff_detect/share/buff_detect/environment/path.dsv
[5.791s] -- Up-to-date: /home/spaaaaace/Ros2_buff_detect/install/buff_detect/share/buff_detect/local_setup.bash
[5.791s] -- Up-to-date: /home/spaaaaace/Ros2_buff_detect/install/buff_detect/share/buff_detect/local_setup.sh
[5.791s] -- Up-to-date: /home/spaaaaace/Ros2_buff_detect/install/buff_detect/share/buff_detect/local_setup.zsh
[5.791s] -- Up-to-date: /home/spaaaaace/Ros2_buff_detect/install/buff_detect/share/buff_detect/local_setup.dsv
[5.791s] -- Installing: /home/spaaaaace/Ros2_buff_detect/install/buff_detect/share/buff_detect/package.dsv
[5.791s] -- Up-to-date: /home/spaaaaace/Ros2_buff_detect/install/buff_detect/share/ament_index/resource_index/packages/buff_detect
[5.791s] -- Up-to-date: /home/spaaaaace/Ros2_buff_detect/install/buff_detect/share/buff_detect/cmake/buff_detectConfig.cmake
[5.791s] -- Up-to-date: /home/spaaaaace/Ros2_buff_detect/install/buff_detect/share/buff_detect/cmake/buff_detectConfig-version.cmake
[5.791s] -- Up-to-date: /home/spaaaaace/Ros2_buff_detect/install/buff_detect/share/buff_detect/package.xml
[5.791s] Invoked command in '/home/spaaaaace/Ros2_buff_detect/build/buff_detect' returned '0': CMAKE_PREFIX_PATH=${CMAKE_PREFIX_PATH}:/opt/ros/humble /usr/local/bin/cmake --install /home/spaaaaace/Ros2_buff_detect/build/buff_detect
