[0.008s] Invoking command in '/home/spaaaaace/Ros2_mindvision/build/buff_detect': CMAKE_PREFIX_PATH=${CMAKE_PREFIX_PATH}:/opt/ros/humble /usr/local/bin/cmake --build /home/spaaaaace/Ros2_mindvision/build/buff_detect -- -j22 -l22
[0.034s] [ 50%] [32mBuilding CXX object CMakeFiles/buff_detect.dir/src/buff_detect.cpp.o[0m
[5.936s] [100%] [32m[1mLinking CXX executable buff_detect[0m
[6.045s] /usr/bin/ld: warning: libopencv_imgproc.so.4.5d, needed by /opt/ros/humble/lib/libcv_bridge.so, may conflict with libopencv_imgproc.so.410
[6.046s] /usr/bin/ld: warning: libopencv_core.so.4.5d, needed by /opt/ros/humble/lib/libcv_bridge.so, may conflict with libopencv_core.so.410
[6.317s] [100%] Built target buff_detect
[6.322s] Invoked command in '/home/spaaaaace/Ros2_mindvision/build/buff_detect' returned '0': CMAKE_PREFIX_PATH=${CMAKE_PREFIX_PATH}:/opt/ros/humble /usr/local/bin/cmake --build /home/spaaaaace/Ros2_mindvision/build/buff_detect -- -j22 -l22
[6.336s] Invoking command in '/home/spaaaaace/Ros2_mindvision/build/buff_detect': CMAKE_PREFIX_PATH=${CMAKE_PREFIX_PATH}:/opt/ros/humble /usr/local/bin/cmake --install /home/spaaaaace/Ros2_mindvision/build/buff_detect
[6.337s] -- Install configuration: ""
[6.337s] -- Installing: /home/spaaaaace/Ros2_mindvision/install/buff_detect/lib/buff_detect/buff_detect
[6.340s] -- Set runtime path of "/home/spaaaaace/Ros2_mindvision/install/buff_detect/lib/buff_detect/buff_detect" to ""
[6.340s] -- Up-to-date: /home/spaaaaace/Ros2_mindvision/install/buff_detect/share/ament_index/resource_index/package_run_dependencies/buff_detect
[6.340s] -- Up-to-date: /home/spaaaaace/Ros2_mindvision/install/buff_detect/share/ament_index/resource_index/parent_prefix_path/buff_detect
[6.341s] -- Up-to-date: /home/spaaaaace/Ros2_mindvision/install/buff_detect/share/buff_detect/environment/ament_prefix_path.sh
[6.341s] -- Up-to-date: /home/spaaaaace/Ros2_mindvision/install/buff_detect/share/buff_detect/environment/ament_prefix_path.dsv
[6.341s] -- Up-to-date: /home/spaaaaace/Ros2_mindvision/install/buff_detect/share/buff_detect/environment/path.sh
[6.341s] -- Up-to-date: /home/spaaaaace/Ros2_mindvision/install/buff_detect/share/buff_detect/environment/path.dsv
[6.341s] -- Up-to-date: /home/spaaaaace/Ros2_mindvision/install/buff_detect/share/buff_detect/local_setup.bash
[6.341s] -- Up-to-date: /home/spaaaaace/Ros2_mindvision/install/buff_detect/share/buff_detect/local_setup.sh
[6.341s] -- Up-to-date: /home/spaaaaace/Ros2_mindvision/install/buff_detect/share/buff_detect/local_setup.zsh
[6.341s] -- Up-to-date: /home/spaaaaace/Ros2_mindvision/install/buff_detect/share/buff_detect/local_setup.dsv
[6.341s] -- Installing: /home/spaaaaace/Ros2_mindvision/install/buff_detect/share/buff_detect/package.dsv
[6.341s] -- Up-to-date: /home/spaaaaace/Ros2_mindvision/install/buff_detect/share/ament_index/resource_index/packages/buff_detect
[6.341s] -- Up-to-date: /home/spaaaaace/Ros2_mindvision/install/buff_detect/share/buff_detect/cmake/buff_detectConfig.cmake
[6.341s] -- Up-to-date: /home/spaaaaace/Ros2_mindvision/install/buff_detect/share/buff_detect/cmake/buff_detectConfig-version.cmake
[6.341s] -- Up-to-date: /home/spaaaaace/Ros2_mindvision/install/buff_detect/share/buff_detect/package.xml
[6.343s] Invoked command in '/home/spaaaaace/Ros2_mindvision/build/buff_detect' returned '0': CMAKE_PREFIX_PATH=${CMAKE_PREFIX_PATH}:/opt/ros/humble /usr/local/bin/cmake --install /home/spaaaaace/Ros2_mindvision/build/buff_detect
