-- Found ament_cmake: 1.3.10 (/opt/ros/humble/share/ament_cmake/cmake)
-- Found rclcpp: 16.0.10 (/opt/ros/humble/share/rclcpp/cmake)
-- Found rosidl_generator_c: 3.1.5 (/opt/ros/humble/share/rosidl_generator_c/cmake)
-- Found rosidl_adapter: 3.1.5 (/opt/ros/humble/share/rosidl_adapter/cmake)
-- Found rosidl_generator_cpp: 3.1.5 (/opt/ros/humble/share/rosidl_generator_cpp/cmake)
-- Using all available rosidl_typesupport_c: rosidl_typesupport_fastrtps_c;rosidl_typesupport_introspection_c
-- Using all available rosidl_typesupport_cpp: rosidl_typesupport_fastrtps_cpp;rosidl_typesupport_introspection_cpp
-- Found rmw_implementation_cmake: 6.1.2 (/opt/ros/humble/share/rmw_implementation_cmake/cmake)
-- Found rmw_fastrtps_cpp: 6.2.7 (/opt/ros/humble/share/rmw_fastrtps_cpp/cmake)
-- Using RMW implementation 'rmw_fastrtps_cpp' as default
-- Found sensor_msgs: 4.2.4 (/opt/ros/humble/share/sensor_msgs/cmake)
-- Found cv_bridge: 3.2.1 (/opt/ros/humble/share/cv_bridge/cmake)
-- Found ament_lint_auto: 0.12.11 (/opt/ros/humble/share/ament_lint_auto/cmake)
-- Added test 'cppcheck' to perform static code analysis on C / C++ code
-- Configured cppcheck include dirs: 
-- Configured cppcheck exclude dirs and/or files: 
-- Added test 'flake8' to check Python code syntax and style conventions
-- Added test 'lint_cmake' to check CMake code style
-- Added test 'pep257' to check Python code against some of the docstring style conventions in PEP 257
-- Added test 'uncrustify' to check C / C++ code style
-- Configured uncrustify additional arguments: 
-- Added test 'xmllint' to check XML markup files
-- Configuring done (0.3s)
-- Generating done (0.0s)
-- Build files have been written to: /home/spaaaaace/Ros2_buff_detect/build/buff_detect
[ 50%] [32m[1mLinking CXX executable buff_detect[0m
[100%] Built target buff_detect
-- Install configuration: ""
-- Installing: /home/spaaaaace/Ros2_buff_detect/install/buff_detect/lib/buff_detect/buff_detect
-- Set runtime path of "/home/spaaaaace/Ros2_buff_detect/install/buff_detect/lib/buff_detect/buff_detect" to ""
-- Up-to-date: /home/spaaaaace/Ros2_buff_detect/install/buff_detect/share/ament_index/resource_index/package_run_dependencies/buff_detect
-- Installing: /home/spaaaaace/Ros2_buff_detect/install/buff_detect/share/ament_index/resource_index/parent_prefix_path/buff_detect
-- Up-to-date: /home/spaaaaace/Ros2_buff_detect/install/buff_detect/share/buff_detect/environment/ament_prefix_path.sh
-- Installing: /home/spaaaaace/Ros2_buff_detect/install/buff_detect/share/buff_detect/environment/ament_prefix_path.dsv
-- Up-to-date: /home/spaaaaace/Ros2_buff_detect/install/buff_detect/share/buff_detect/environment/path.sh
-- Installing: /home/spaaaaace/Ros2_buff_detect/install/buff_detect/share/buff_detect/environment/path.dsv
-- Up-to-date: /home/spaaaaace/Ros2_buff_detect/install/buff_detect/share/buff_detect/local_setup.bash
-- Up-to-date: /home/spaaaaace/Ros2_buff_detect/install/buff_detect/share/buff_detect/local_setup.sh
-- Up-to-date: /home/spaaaaace/Ros2_buff_detect/install/buff_detect/share/buff_detect/local_setup.zsh
-- Installing: /home/spaaaaace/Ros2_buff_detect/install/buff_detect/share/buff_detect/local_setup.dsv
-- Installing: /home/spaaaaace/Ros2_buff_detect/install/buff_detect/share/buff_detect/package.dsv
-- Up-to-date: /home/spaaaaace/Ros2_buff_detect/install/buff_detect/share/ament_index/resource_index/packages/buff_detect
-- Up-to-date: /home/spaaaaace/Ros2_buff_detect/install/buff_detect/share/buff_detect/cmake/buff_detectConfig.cmake
-- Up-to-date: /home/spaaaaace/Ros2_buff_detect/install/buff_detect/share/buff_detect/cmake/buff_detectConfig-version.cmake
-- Up-to-date: /home/spaaaaace/Ros2_buff_detect/install/buff_detect/share/buff_detect/package.xml
