[0.009s] Invoking command in '/home/spaaaaace/Ros2_buff_detect/build/buff_detect': CMAKE_PREFIX_PATH=${CMAKE_PREFIX_PATH}:/opt/ros/humble /usr/local/bin/cmake --build /home/spaaaaace/Ros2_buff_detect/build/buff_detect -- -j22 -l22
[0.022s] -- Found ament_cmake: 1.3.10 (/opt/ros/humble/share/ament_cmake/cmake)
[0.076s] -- Found rclcpp: 16.0.10 (/opt/ros/humble/share/rclcpp/cmake)
[0.094s] -- Found rosidl_generator_c: 3.1.5 (/opt/ros/humble/share/rosidl_generator_c/cmake)
[0.096s] -- Found rosidl_adapter: 3.1.5 (/opt/ros/humble/share/rosidl_adapter/cmake)
[0.100s] -- Found rosidl_generator_cpp: 3.1.5 (/opt/ros/humble/share/rosidl_generator_cpp/cmake)
[0.106s] -- Using all available rosidl_typesupport_c: rosidl_typesupport_fastrtps_c;rosidl_typesupport_introspection_c
[0.114s] -- Using all available rosidl_typesupport_cpp: rosidl_typesupport_fastrtps_cpp;rosidl_typesupport_introspection_cpp
[0.136s] -- Found rmw_implementation_cmake: 6.1.2 (/opt/ros/humble/share/rmw_implementation_cmake/cmake)
[0.137s] -- Found rmw_fastrtps_cpp: 6.2.7 (/opt/ros/humble/share/rmw_fastrtps_cpp/cmake)
[0.217s] -- Using RMW implementation 'rmw_fastrtps_cpp' as default
[0.256s] -- Found sensor_msgs: 4.2.4 (/opt/ros/humble/share/sensor_msgs/cmake)
[0.278s] -- Found cv_bridge: 3.2.1 (/opt/ros/humble/share/cv_bridge/cmake)
[0.279s] -- Found ament_lint_auto: 0.12.11 (/opt/ros/humble/share/ament_lint_auto/cmake)
[0.324s] -- Added test 'cppcheck' to perform static code analysis on C / C++ code
[0.324s] -- Configured cppcheck include dirs: 
[0.324s] -- Configured cppcheck exclude dirs and/or files: 
[0.324s] -- Added test 'flake8' to check Python code syntax and style conventions
[0.325s] -- Added test 'lint_cmake' to check CMake code style
[0.326s] -- Added test 'pep257' to check Python code against some of the docstring style conventions in PEP 257
[0.331s] -- Added test 'uncrustify' to check C / C++ code style
[0.331s] -- Configured uncrustify additional arguments: 
[0.331s] -- Added test 'xmllint' to check XML markup files
[0.332s] -- Configuring done (0.3s)
[0.338s] -- Generating done (0.0s)
[0.339s] -- Build files have been written to: /home/spaaaaace/Ros2_buff_detect/build/buff_detect
[0.360s] [ 50%] [32m[1mLinking CXX executable buff_detect[0m
[0.466s] /usr/bin/ld: warning: libopencv_imgproc.so.4.5d, needed by /opt/ros/humble/lib/libcv_bridge.so, may conflict with libopencv_imgproc.so.410
[0.467s] /usr/bin/ld: warning: libopencv_core.so.4.5d, needed by /opt/ros/humble/lib/libcv_bridge.so, may conflict with libopencv_core.so.410
[0.752s] [100%] Built target buff_detect
[0.760s] Invoked command in '/home/spaaaaace/Ros2_buff_detect/build/buff_detect' returned '0': CMAKE_PREFIX_PATH=${CMAKE_PREFIX_PATH}:/opt/ros/humble /usr/local/bin/cmake --build /home/spaaaaace/Ros2_buff_detect/build/buff_detect -- -j22 -l22
[0.778s] Invoking command in '/home/spaaaaace/Ros2_buff_detect/build/buff_detect': CMAKE_PREFIX_PATH=${CMAKE_PREFIX_PATH}:/opt/ros/humble /usr/local/bin/cmake --install /home/spaaaaace/Ros2_buff_detect/build/buff_detect
[0.779s] -- Install configuration: ""
[0.779s] -- Installing: /home/spaaaaace/Ros2_buff_detect/install/buff_detect/lib/buff_detect/buff_detect
[0.782s] -- Set runtime path of "/home/spaaaaace/Ros2_buff_detect/install/buff_detect/lib/buff_detect/buff_detect" to ""
[0.782s] -- Up-to-date: /home/spaaaaace/Ros2_buff_detect/install/buff_detect/share/ament_index/resource_index/package_run_dependencies/buff_detect
[0.782s] -- Installing: /home/spaaaaace/Ros2_buff_detect/install/buff_detect/share/ament_index/resource_index/parent_prefix_path/buff_detect
[0.782s] -- Up-to-date: /home/spaaaaace/Ros2_buff_detect/install/buff_detect/share/buff_detect/environment/ament_prefix_path.sh
[0.782s] -- Installing: /home/spaaaaace/Ros2_buff_detect/install/buff_detect/share/buff_detect/environment/ament_prefix_path.dsv
[0.783s] -- Up-to-date: /home/spaaaaace/Ros2_buff_detect/install/buff_detect/share/buff_detect/environment/path.sh
[0.783s] -- Installing: /home/spaaaaace/Ros2_buff_detect/install/buff_detect/share/buff_detect/environment/path.dsv
[0.783s] -- Up-to-date: /home/spaaaaace/Ros2_buff_detect/install/buff_detect/share/buff_detect/local_setup.bash
[0.783s] -- Up-to-date: /home/spaaaaace/Ros2_buff_detect/install/buff_detect/share/buff_detect/local_setup.sh
[0.783s] -- Up-to-date: /home/spaaaaace/Ros2_buff_detect/install/buff_detect/share/buff_detect/local_setup.zsh
[0.783s] -- Installing: /home/spaaaaace/Ros2_buff_detect/install/buff_detect/share/buff_detect/local_setup.dsv
[0.783s] -- Installing: /home/spaaaaace/Ros2_buff_detect/install/buff_detect/share/buff_detect/package.dsv
[0.783s] -- Up-to-date: /home/spaaaaace/Ros2_buff_detect/install/buff_detect/share/ament_index/resource_index/packages/buff_detect
[0.783s] -- Up-to-date: /home/spaaaaace/Ros2_buff_detect/install/buff_detect/share/buff_detect/cmake/buff_detectConfig.cmake
[0.784s] -- Up-to-date: /home/spaaaaace/Ros2_buff_detect/install/buff_detect/share/buff_detect/cmake/buff_detectConfig-version.cmake
[0.784s] -- Up-to-date: /home/spaaaaace/Ros2_buff_detect/install/buff_detect/share/buff_detect/package.xml
[0.785s] Invoked command in '/home/spaaaaace/Ros2_buff_detect/build/buff_detect' returned '0': CMAKE_PREFIX_PATH=${CMAKE_PREFIX_PATH}:/opt/ros/humble /usr/local/bin/cmake --install /home/spaaaaace/Ros2_buff_detect/build/buff_detect
