[ 50%] [32mBuilding CXX object CMakeFiles/buff_detect.dir/src/buff_detect.cpp.o[0m
[100%] [32m[1mLinking CXX executable buff_detect[0m
/usr/bin/ld: warning: libopencv_imgproc.so.4.5d, needed by /opt/ros/humble/lib/libcv_bridge.so, may conflict with libopencv_imgproc.so.410
/usr/bin/ld: warning: libopencv_core.so.4.5d, needed by /opt/ros/humble/lib/libcv_bridge.so, may conflict with libopencv_core.so.410
[100%] Built target buff_detect
-- Install configuration: ""
-- Installing: /home/spaaaaace/Ros2_mindvision/install/buff_detect/lib/buff_detect/buff_detect
-- Set runtime path of "/home/spaaaaace/Ros2_mindvision/install/buff_detect/lib/buff_detect/buff_detect" to ""
-- Up-to-date: /home/spaaaaace/Ros2_mindvision/install/buff_detect/share/ament_index/resource_index/package_run_dependencies/buff_detect
-- Up-to-date: /home/spaaaaace/Ros2_mindvision/install/buff_detect/share/ament_index/resource_index/parent_prefix_path/buff_detect
-- Up-to-date: /home/spaaaaace/Ros2_mindvision/install/buff_detect/share/buff_detect/environment/ament_prefix_path.sh
-- Up-to-date: /home/spaaaaace/Ros2_mindvision/install/buff_detect/share/buff_detect/environment/ament_prefix_path.dsv
-- Up-to-date: /home/spaaaaace/Ros2_mindvision/install/buff_detect/share/buff_detect/environment/path.sh
-- Up-to-date: /home/spaaaaace/Ros2_mindvision/install/buff_detect/share/buff_detect/environment/path.dsv
-- Up-to-date: /home/spaaaaace/Ros2_mindvision/install/buff_detect/share/buff_detect/local_setup.bash
-- Up-to-date: /home/spaaaaace/Ros2_mindvision/install/buff_detect/share/buff_detect/local_setup.sh
-- Up-to-date: /home/spaaaaace/Ros2_mindvision/install/buff_detect/share/buff_detect/local_setup.zsh
-- Up-to-date: /home/spaaaaace/Ros2_mindvision/install/buff_detect/share/buff_detect/local_setup.dsv
-- Installing: /home/spaaaaace/Ros2_mindvision/install/buff_detect/share/buff_detect/package.dsv
-- Up-to-date: /home/spaaaaace/Ros2_mindvision/install/buff_detect/share/ament_index/resource_index/packages/buff_detect
-- Up-to-date: /home/spaaaaace/Ros2_mindvision/install/buff_detect/share/buff_detect/cmake/buff_detectConfig.cmake
-- Up-to-date: /home/spaaaaace/Ros2_mindvision/install/buff_detect/share/buff_detect/cmake/buff_detectConfig-version.cmake
-- Up-to-date: /home/spaaaaace/Ros2_mindvision/install/buff_detect/share/buff_detect/package.xml
