[0.052s] DEBUG:colcon:Command line arguments: ['/usr/bin/colcon', 'build']
[0.052s] DEBUG:colcon:Parsed command line arguments: Namespace(log_base=None, log_level=None, verb_name='build', build_base='build', install_base='install', merge_install=False, symlink_install=False, test_result_base=None, continue_on_error=False, executor='parallel', parallel_workers=22, event_handlers=None, ignore_user_meta=False, metas=['./colcon.meta'], base_paths=['.'], packages_ignore=None, packages_ignore_regex=None, paths=None, packages_up_to=None, packages_up_to_regex=None, packages_above=None, packages_above_and_dependencies=None, packages_above_depth=None, packages_select_by_dep=None, packages_skip_by_dep=None, packages_skip_up_to=None, packages_select_build_failed=False, packages_skip_build_finished=False, packages_select_test_failures=False, packages_skip_test_passed=False, packages_select=None, packages_skip=None, packages_select_regex=None, packages_skip_regex=None, packages_start=None, packages_end=None, allow_overriding=[], cmake_args=None, cmake_target=None, cmake_target_skip_unavailable=False, cmake_clean_cache=False, cmake_clean_first=False, cmake_force_configure=False, ament_cmake_args=None, catkin_cmake_args=None, catkin_skip_building_tests=False, verb_parser=<colcon_defaults.argument_parser.defaults.DefaultArgumentsDecorator object at 0x77f4bc054250>, verb_extension=<colcon_core.verb.build.BuildVerb object at 0x77f4bc01bca0>, main=<bound method BuildVerb.main of <colcon_core.verb.build.BuildVerb object at 0x77f4bc01bca0>>)
[0.129s] Level 1:colcon.colcon_core.package_discovery:discover_packages(colcon_meta) check parameters
[0.129s] Level 1:colcon.colcon_core.package_discovery:discover_packages(recursive) check parameters
[0.129s] Level 1:colcon.colcon_core.package_discovery:discover_packages(ignore) check parameters
[0.129s] Level 1:colcon.colcon_core.package_discovery:discover_packages(path) check parameters
[0.129s] Level 1:colcon.colcon_core.package_discovery:discover_packages(colcon_meta) discover
[0.129s] Level 1:colcon.colcon_core.package_discovery:discover_packages(recursive) discover
[0.129s] INFO:colcon.colcon_core.package_discovery:Crawling recursively for packages in '/home/spaaaaace/Ros2_mindvision'
[0.129s] Level 1:colcon.colcon_core.package_identification:_identify(.) by extensions ['ignore', 'ignore_ament_install']
[0.129s] Level 1:colcon.colcon_core.package_identification:_identify(.) by extension 'ignore'
[0.129s] Level 1:colcon.colcon_core.package_identification:_identify(.) by extension 'ignore_ament_install'
[0.130s] Level 1:colcon.colcon_core.package_identification:_identify(.) by extensions ['colcon_pkg']
[0.130s] Level 1:colcon.colcon_core.package_identification:_identify(.) by extension 'colcon_pkg'
[0.130s] Level 1:colcon.colcon_core.package_identification:_identify(.) by extensions ['colcon_meta']
[0.130s] Level 1:colcon.colcon_core.package_identification:_identify(.) by extension 'colcon_meta'
[0.130s] Level 1:colcon.colcon_core.package_identification:_identify(.) by extensions ['ros']
[0.130s] Level 1:colcon.colcon_core.package_identification:_identify(.) by extension 'ros'
[0.136s] Level 1:colcon.colcon_core.package_identification:_identify(.) by extensions ['cmake', 'python']
[0.136s] Level 1:colcon.colcon_core.package_identification:_identify(.) by extension 'cmake'
[0.136s] Level 1:colcon.colcon_core.package_identification:_identify(.) by extension 'python'
[0.136s] Level 1:colcon.colcon_core.package_identification:_identify(.) by extensions ['python_setup_py']
[0.136s] Level 1:colcon.colcon_core.package_identification:_identify(.) by extension 'python_setup_py'
[0.136s] Level 1:colcon.colcon_core.package_identification:_identify(Camera) by extensions ['ignore', 'ignore_ament_install']
[0.136s] Level 1:colcon.colcon_core.package_identification:_identify(Camera) by extension 'ignore'
[0.136s] Level 1:colcon.colcon_core.package_identification:_identify(Camera) by extension 'ignore_ament_install'
[0.136s] Level 1:colcon.colcon_core.package_identification:_identify(Camera) by extensions ['colcon_pkg']
[0.136s] Level 1:colcon.colcon_core.package_identification:_identify(Camera) by extension 'colcon_pkg'
[0.136s] Level 1:colcon.colcon_core.package_identification:_identify(Camera) by extensions ['colcon_meta']
[0.136s] Level 1:colcon.colcon_core.package_identification:_identify(Camera) by extension 'colcon_meta'
[0.136s] Level 1:colcon.colcon_core.package_identification:_identify(Camera) by extensions ['ros']
[0.136s] Level 1:colcon.colcon_core.package_identification:_identify(Camera) by extension 'ros'
[0.136s] Level 1:colcon.colcon_core.package_identification:_identify(Camera) by extensions ['cmake', 'python']
[0.136s] Level 1:colcon.colcon_core.package_identification:_identify(Camera) by extension 'cmake'
[0.136s] Level 1:colcon.colcon_core.package_identification:_identify(Camera) by extension 'python'
[0.136s] Level 1:colcon.colcon_core.package_identification:_identify(Camera) by extensions ['python_setup_py']
[0.136s] Level 1:colcon.colcon_core.package_identification:_identify(Camera) by extension 'python_setup_py'
[0.136s] Level 1:colcon.colcon_core.package_identification:_identify(Camera/Data) by extensions ['ignore', 'ignore_ament_install']
[0.136s] Level 1:colcon.colcon_core.package_identification:_identify(Camera/Data) by extension 'ignore'
[0.136s] Level 1:colcon.colcon_core.package_identification:_identify(Camera/Data) by extension 'ignore_ament_install'
[0.136s] Level 1:colcon.colcon_core.package_identification:_identify(Camera/Data) by extensions ['colcon_pkg']
[0.136s] Level 1:colcon.colcon_core.package_identification:_identify(Camera/Data) by extension 'colcon_pkg'
[0.136s] Level 1:colcon.colcon_core.package_identification:_identify(Camera/Data) by extensions ['colcon_meta']
[0.136s] Level 1:colcon.colcon_core.package_identification:_identify(Camera/Data) by extension 'colcon_meta'
[0.136s] Level 1:colcon.colcon_core.package_identification:_identify(Camera/Data) by extensions ['ros']
[0.136s] Level 1:colcon.colcon_core.package_identification:_identify(Camera/Data) by extension 'ros'
[0.136s] Level 1:colcon.colcon_core.package_identification:_identify(Camera/Data) by extensions ['cmake', 'python']
[0.136s] Level 1:colcon.colcon_core.package_identification:_identify(Camera/Data) by extension 'cmake'
[0.136s] Level 1:colcon.colcon_core.package_identification:_identify(Camera/Data) by extension 'python'
[0.136s] Level 1:colcon.colcon_core.package_identification:_identify(Camera/Data) by extensions ['python_setup_py']
[0.136s] Level 1:colcon.colcon_core.package_identification:_identify(Camera/Data) by extension 'python_setup_py'
[0.136s] Level 1:colcon.colcon_core.package_identification:_identify(Camera/log) by extensions ['ignore', 'ignore_ament_install']
[0.136s] Level 1:colcon.colcon_core.package_identification:_identify(Camera/log) by extension 'ignore'
[0.137s] Level 1:colcon.colcon_core.package_identification:_identify(Camera/log) by extension 'ignore_ament_install'
[0.137s] Level 1:colcon.colcon_core.package_identification:_identify(Camera/log) by extensions ['colcon_pkg']
[0.137s] Level 1:colcon.colcon_core.package_identification:_identify(Camera/log) by extension 'colcon_pkg'
[0.137s] Level 1:colcon.colcon_core.package_identification:_identify(Camera/log) by extensions ['colcon_meta']
[0.137s] Level 1:colcon.colcon_core.package_identification:_identify(Camera/log) by extension 'colcon_meta'
[0.137s] Level 1:colcon.colcon_core.package_identification:_identify(Camera/log) by extensions ['ros']
[0.137s] Level 1:colcon.colcon_core.package_identification:_identify(Camera/log) by extension 'ros'
[0.137s] Level 1:colcon.colcon_core.package_identification:_identify(Camera/log) by extensions ['cmake', 'python']
[0.137s] Level 1:colcon.colcon_core.package_identification:_identify(Camera/log) by extension 'cmake'
[0.137s] Level 1:colcon.colcon_core.package_identification:_identify(Camera/log) by extension 'python'
[0.137s] Level 1:colcon.colcon_core.package_identification:_identify(Camera/log) by extensions ['python_setup_py']
[0.137s] Level 1:colcon.colcon_core.package_identification:_identify(Camera/log) by extension 'python_setup_py'
[0.137s] Level 1:colcon.colcon_core.package_identification:_identify(build) by extensions ['ignore', 'ignore_ament_install']
[0.137s] Level 1:colcon.colcon_core.package_identification:_identify(build) by extension 'ignore'
[0.137s] Level 1:colcon.colcon_core.package_identification:_identify(build) ignored
[0.137s] Level 1:colcon.colcon_core.package_identification:_identify(install) by extensions ['ignore', 'ignore_ament_install']
[0.137s] Level 1:colcon.colcon_core.package_identification:_identify(install) by extension 'ignore'
[0.137s] Level 1:colcon.colcon_core.package_identification:_identify(install) ignored
[0.137s] Level 1:colcon.colcon_core.package_identification:_identify(log) by extensions ['ignore', 'ignore_ament_install']
[0.137s] Level 1:colcon.colcon_core.package_identification:_identify(log) by extension 'ignore'
[0.137s] Level 1:colcon.colcon_core.package_identification:_identify(log) ignored
[0.137s] Level 1:colcon.colcon_core.package_identification:_identify(src) by extensions ['ignore', 'ignore_ament_install']
[0.137s] Level 1:colcon.colcon_core.package_identification:_identify(src) by extension 'ignore'
[0.137s] Level 1:colcon.colcon_core.package_identification:_identify(src) by extension 'ignore_ament_install'
[0.137s] Level 1:colcon.colcon_core.package_identification:_identify(src) by extensions ['colcon_pkg']
[0.137s] Level 1:colcon.colcon_core.package_identification:_identify(src) by extension 'colcon_pkg'
[0.137s] Level 1:colcon.colcon_core.package_identification:_identify(src) by extensions ['colcon_meta']
[0.137s] Level 1:colcon.colcon_core.package_identification:_identify(src) by extension 'colcon_meta'
[0.137s] Level 1:colcon.colcon_core.package_identification:_identify(src) by extensions ['ros']
[0.137s] Level 1:colcon.colcon_core.package_identification:_identify(src) by extension 'ros'
[0.137s] Level 1:colcon.colcon_core.package_identification:_identify(src) by extensions ['cmake', 'python']
[0.137s] Level 1:colcon.colcon_core.package_identification:_identify(src) by extension 'cmake'
[0.137s] Level 1:colcon.colcon_core.package_identification:_identify(src) by extension 'python'
[0.137s] Level 1:colcon.colcon_core.package_identification:_identify(src) by extensions ['python_setup_py']
[0.137s] Level 1:colcon.colcon_core.package_identification:_identify(src) by extension 'python_setup_py'
[0.137s] Level 1:colcon.colcon_core.package_identification:_identify(src/buff_detect) by extensions ['ignore', 'ignore_ament_install']
[0.137s] Level 1:colcon.colcon_core.package_identification:_identify(src/buff_detect) by extension 'ignore'
[0.137s] Level 1:colcon.colcon_core.package_identification:_identify(src/buff_detect) by extension 'ignore_ament_install'
[0.137s] Level 1:colcon.colcon_core.package_identification:_identify(src/buff_detect) by extensions ['colcon_pkg']
[0.137s] Level 1:colcon.colcon_core.package_identification:_identify(src/buff_detect) by extension 'colcon_pkg'
[0.138s] Level 1:colcon.colcon_core.package_identification:_identify(src/buff_detect) by extensions ['colcon_meta']
[0.138s] Level 1:colcon.colcon_core.package_identification:_identify(src/buff_detect) by extension 'colcon_meta'
[0.138s] Level 1:colcon.colcon_core.package_identification:_identify(src/buff_detect) by extensions ['ros']
[0.138s] Level 1:colcon.colcon_core.package_identification:_identify(src/buff_detect) by extension 'ros'
[0.139s] DEBUG:colcon.colcon_core.package_identification:Package 'src/buff_detect' with type 'ros.ament_cmake' and name 'buff_detect'
[0.139s] Level 1:colcon.colcon_core.package_identification:_identify(src/mindvision_camera) by extensions ['ignore', 'ignore_ament_install']
[0.139s] Level 1:colcon.colcon_core.package_identification:_identify(src/mindvision_camera) by extension 'ignore'
[0.139s] Level 1:colcon.colcon_core.package_identification:_identify(src/mindvision_camera) by extension 'ignore_ament_install'
[0.139s] Level 1:colcon.colcon_core.package_identification:_identify(src/mindvision_camera) by extensions ['colcon_pkg']
[0.139s] Level 1:colcon.colcon_core.package_identification:_identify(src/mindvision_camera) by extension 'colcon_pkg'
[0.139s] Level 1:colcon.colcon_core.package_identification:_identify(src/mindvision_camera) by extensions ['colcon_meta']
[0.139s] Level 1:colcon.colcon_core.package_identification:_identify(src/mindvision_camera) by extension 'colcon_meta'
[0.139s] Level 1:colcon.colcon_core.package_identification:_identify(src/mindvision_camera) by extensions ['ros']
[0.139s] Level 1:colcon.colcon_core.package_identification:_identify(src/mindvision_camera) by extension 'ros'
[0.140s] DEBUG:colcon.colcon_core.package_identification:Package 'src/mindvision_camera' with type 'ros.ament_cmake' and name 'mindvision_camera'
[0.140s] Level 1:colcon.colcon_core.package_discovery:discover_packages(recursive) using defaults
[0.140s] Level 1:colcon.colcon_core.package_discovery:discover_packages(ignore) discover
[0.140s] Level 1:colcon.colcon_core.package_discovery:discover_packages(ignore) using defaults
[0.140s] Level 1:colcon.colcon_core.package_discovery:discover_packages(path) discover
[0.140s] Level 1:colcon.colcon_core.package_discovery:discover_packages(path) using defaults
[0.150s] Level 1:colcon.colcon_core.package_discovery:discover_packages(prefix_path) check parameters
[0.150s] Level 1:colcon.colcon_core.package_discovery:discover_packages(prefix_path) discover
[0.151s] WARNING:colcon.colcon_ros.prefix_path.ament:The path '/home/spaaaaace/Ros2_mindvision/install/mindvision_camera' in the environment variable AMENT_PREFIX_PATH doesn't exist
[0.151s] WARNING:colcon.colcon_ros.prefix_path.ament:The path '/home/spaaaaace/Ros2_mindvision/install/buff_detect' in the environment variable AMENT_PREFIX_PATH doesn't exist
[0.151s] WARNING:colcon.colcon_ros.prefix_path.catkin:The path '/home/spaaaaace/Ros2_mindvision/install/mindvision_camera' in the environment variable CMAKE_PREFIX_PATH doesn't exist
[0.151s] WARNING:colcon.colcon_ros.prefix_path.catkin:The path '/home/spaaaaace/Ros2_mindvision/install/buff_detect' in the environment variable CMAKE_PREFIX_PATH doesn't exist
[0.151s] DEBUG:colcon.colcon_installed_package_information.package_discovery:Found 0 installed packages in /home/spaaaaace/Ros2_mindvision/install
[0.152s] DEBUG:colcon.colcon_installed_package_information.package_discovery:Found 286 installed packages in /opt/ros/humble
[0.158s] Level 1:colcon.colcon_core.package_discovery:discover_packages(prefix_path) using defaults
[0.178s] Level 5:colcon.colcon_core.verb:set package 'buff_detect' build argument 'cmake_args' from command line to 'None'
[0.178s] Level 5:colcon.colcon_core.verb:set package 'buff_detect' build argument 'cmake_target' from command line to 'None'
[0.178s] Level 5:colcon.colcon_core.verb:set package 'buff_detect' build argument 'cmake_target_skip_unavailable' from command line to 'False'
[0.178s] Level 5:colcon.colcon_core.verb:set package 'buff_detect' build argument 'cmake_clean_cache' from command line to 'False'
[0.178s] Level 5:colcon.colcon_core.verb:set package 'buff_detect' build argument 'cmake_clean_first' from command line to 'False'
[0.178s] Level 5:colcon.colcon_core.verb:set package 'buff_detect' build argument 'cmake_force_configure' from command line to 'False'
[0.178s] Level 5:colcon.colcon_core.verb:set package 'buff_detect' build argument 'ament_cmake_args' from command line to 'None'
[0.178s] Level 5:colcon.colcon_core.verb:set package 'buff_detect' build argument 'catkin_cmake_args' from command line to 'None'
[0.178s] Level 5:colcon.colcon_core.verb:set package 'buff_detect' build argument 'catkin_skip_building_tests' from command line to 'False'
[0.178s] DEBUG:colcon.colcon_core.verb:Building package 'buff_detect' with the following arguments: {'ament_cmake_args': None, 'build_base': '/home/spaaaaace/Ros2_mindvision/build/buff_detect', 'catkin_cmake_args': None, 'catkin_skip_building_tests': False, 'cmake_args': None, 'cmake_clean_cache': False, 'cmake_clean_first': False, 'cmake_force_configure': False, 'cmake_target': None, 'cmake_target_skip_unavailable': False, 'install_base': '/home/spaaaaace/Ros2_mindvision/install/buff_detect', 'merge_install': False, 'path': '/home/spaaaaace/Ros2_mindvision/src/buff_detect', 'symlink_install': False, 'test_result_base': None}
[0.178s] Level 5:colcon.colcon_core.verb:set package 'mindvision_camera' build argument 'cmake_args' from command line to 'None'
[0.178s] Level 5:colcon.colcon_core.verb:set package 'mindvision_camera' build argument 'cmake_target' from command line to 'None'
[0.178s] Level 5:colcon.colcon_core.verb:set package 'mindvision_camera' build argument 'cmake_target_skip_unavailable' from command line to 'False'
[0.178s] Level 5:colcon.colcon_core.verb:set package 'mindvision_camera' build argument 'cmake_clean_cache' from command line to 'False'
[0.178s] Level 5:colcon.colcon_core.verb:set package 'mindvision_camera' build argument 'cmake_clean_first' from command line to 'False'
[0.178s] Level 5:colcon.colcon_core.verb:set package 'mindvision_camera' build argument 'cmake_force_configure' from command line to 'False'
[0.178s] Level 5:colcon.colcon_core.verb:set package 'mindvision_camera' build argument 'ament_cmake_args' from command line to 'None'
[0.178s] Level 5:colcon.colcon_core.verb:set package 'mindvision_camera' build argument 'catkin_cmake_args' from command line to 'None'
[0.178s] Level 5:colcon.colcon_core.verb:set package 'mindvision_camera' build argument 'catkin_skip_building_tests' from command line to 'False'
[0.178s] DEBUG:colcon.colcon_core.verb:Building package 'mindvision_camera' with the following arguments: {'ament_cmake_args': None, 'build_base': '/home/spaaaaace/Ros2_mindvision/build/mindvision_camera', 'catkin_cmake_args': None, 'catkin_skip_building_tests': False, 'cmake_args': None, 'cmake_clean_cache': False, 'cmake_clean_first': False, 'cmake_force_configure': False, 'cmake_target': None, 'cmake_target_skip_unavailable': False, 'install_base': '/home/spaaaaace/Ros2_mindvision/install/mindvision_camera', 'merge_install': False, 'path': '/home/spaaaaace/Ros2_mindvision/src/mindvision_camera', 'symlink_install': False, 'test_result_base': None}
[0.178s] INFO:colcon.colcon_core.executor:Executing jobs using 'parallel' executor
[0.179s] DEBUG:colcon.colcon_parallel_executor.executor.parallel:run_until_complete
[0.179s] INFO:colcon.colcon_ros.task.ament_cmake.build:Building ROS package in '/home/spaaaaace/Ros2_mindvision/src/buff_detect' with build type 'ament_cmake'
[0.179s] INFO:colcon.colcon_cmake.task.cmake.build:Building CMake package in '/home/spaaaaace/Ros2_mindvision/src/buff_detect'
[0.181s] INFO:colcon.colcon_core.plugin_system:Skipping extension 'colcon_core.shell.bat': Not used on non-Windows systems
[0.181s] INFO:colcon.colcon_core.shell:Skip shell extension 'powershell' for command environment: Not usable outside of PowerShell
[0.181s] DEBUG:colcon.colcon_core.shell:Skip shell extension 'dsv' for command environment
[0.183s] INFO:colcon.colcon_ros.task.ament_cmake.build:Building ROS package in '/home/spaaaaace/Ros2_mindvision/src/mindvision_camera' with build type 'ament_cmake'
[0.183s] INFO:colcon.colcon_cmake.task.cmake.build:Building CMake package in '/home/spaaaaace/Ros2_mindvision/src/mindvision_camera'
[0.183s] INFO:colcon.colcon_core.shell:Skip shell extension 'powershell' for command environment: Not usable outside of PowerShell
[0.183s] DEBUG:colcon.colcon_core.shell:Skip shell extension 'dsv' for command environment
[0.187s] DEBUG:colcon.colcon_core.event_handler.log_command:Invoking command in '/home/spaaaaace/Ros2_mindvision/build/buff_detect': CMAKE_PREFIX_PATH=${CMAKE_PREFIX_PATH}:/opt/ros/humble /usr/local/bin/cmake /home/spaaaaace/Ros2_mindvision/src/buff_detect -DCMAKE_INSTALL_PREFIX=/home/spaaaaace/Ros2_mindvision/install/buff_detect
[0.191s] DEBUG:colcon.colcon_core.event_handler.log_command:Invoking command in '/home/spaaaaace/Ros2_mindvision/build/mindvision_camera': CMAKE_PREFIX_PATH=${CMAKE_PREFIX_PATH}:/opt/ros/humble /usr/local/bin/cmake /home/spaaaaace/Ros2_mindvision/src/mindvision_camera -DCMAKE_INSTALL_PREFIX=/home/spaaaaace/Ros2_mindvision/install/mindvision_camera
[0.882s] DEBUG:colcon.colcon_core.event_handler.log_command:Invoked command in '/home/spaaaaace/Ros2_mindvision/build/buff_detect' returned '0': CMAKE_PREFIX_PATH=${CMAKE_PREFIX_PATH}:/opt/ros/humble /usr/local/bin/cmake /home/spaaaaace/Ros2_mindvision/src/buff_detect -DCMAKE_INSTALL_PREFIX=/home/spaaaaace/Ros2_mindvision/install/buff_detect
[0.883s] DEBUG:colcon.colcon_core.event_handler.log_command:Invoking command in '/home/spaaaaace/Ros2_mindvision/build/buff_detect': CMAKE_PREFIX_PATH=${CMAKE_PREFIX_PATH}:/opt/ros/humble /usr/local/bin/cmake --build /home/spaaaaace/Ros2_mindvision/build/buff_detect -- -j22 -l22
[0.952s] DEBUG:colcon.colcon_core.event_handler.log_command:Invoked command in '/home/spaaaaace/Ros2_mindvision/build/mindvision_camera' returned '0': CMAKE_PREFIX_PATH=${CMAKE_PREFIX_PATH}:/opt/ros/humble /usr/local/bin/cmake /home/spaaaaace/Ros2_mindvision/src/mindvision_camera -DCMAKE_INSTALL_PREFIX=/home/spaaaaace/Ros2_mindvision/install/mindvision_camera
[0.953s] DEBUG:colcon.colcon_core.event_handler.log_command:Invoking command in '/home/spaaaaace/Ros2_mindvision/build/mindvision_camera': CMAKE_PREFIX_PATH=${CMAKE_PREFIX_PATH}:/opt/ros/humble /usr/local/bin/cmake --build /home/spaaaaace/Ros2_mindvision/build/mindvision_camera -- -j22 -l22
[3.094s] DEBUG:colcon.colcon_core.event_handler.log_command:Invoked command in '/home/spaaaaace/Ros2_mindvision/build/mindvision_camera' returned '0': CMAKE_PREFIX_PATH=${CMAKE_PREFIX_PATH}:/opt/ros/humble /usr/local/bin/cmake --build /home/spaaaaace/Ros2_mindvision/build/mindvision_camera -- -j22 -l22
[3.116s] DEBUG:colcon.colcon_core.event_handler.log_command:Invoking command in '/home/spaaaaace/Ros2_mindvision/build/mindvision_camera': CMAKE_PREFIX_PATH=${CMAKE_PREFIX_PATH}:/opt/ros/humble /usr/local/bin/cmake --install /home/spaaaaace/Ros2_mindvision/build/mindvision_camera
[3.121s] Level 1:colcon.colcon_core.environment:create_environment_scripts_only(mindvision_camera)
[3.121s] DEBUG:colcon.colcon_core.event_handler.log_command:Invoked command in '/home/spaaaaace/Ros2_mindvision/build/mindvision_camera' returned '0': CMAKE_PREFIX_PATH=${CMAKE_PREFIX_PATH}:/opt/ros/humble /usr/local/bin/cmake --install /home/spaaaaace/Ros2_mindvision/build/mindvision_camera
[3.123s] Level 1:colcon.colcon_core.environment:checking '/home/spaaaaace/Ros2_mindvision/install/mindvision_camera' for CMake module files
[3.123s] Level 1:colcon.colcon_core.environment:checking '/home/spaaaaace/Ros2_mindvision/install/mindvision_camera' for CMake config files
[3.123s] Level 1:colcon.colcon_core.shell:create_environment_hook('mindvision_camera', 'cmake_prefix_path')
[3.124s] INFO:colcon.colcon_core.shell:Creating environment hook '/home/spaaaaace/Ros2_mindvision/install/mindvision_camera/share/mindvision_camera/hook/cmake_prefix_path.ps1'
[3.124s] INFO:colcon.colcon_core.shell:Creating environment descriptor '/home/spaaaaace/Ros2_mindvision/install/mindvision_camera/share/mindvision_camera/hook/cmake_prefix_path.dsv'
[3.124s] INFO:colcon.colcon_core.shell:Creating environment hook '/home/spaaaaace/Ros2_mindvision/install/mindvision_camera/share/mindvision_camera/hook/cmake_prefix_path.sh'
[3.125s] Level 1:colcon.colcon_core.environment:checking '/home/spaaaaace/Ros2_mindvision/install/mindvision_camera/lib'
[3.125s] Level 1:colcon.colcon_core.shell:create_environment_hook('mindvision_camera', 'ld_library_path_lib')
[3.125s] INFO:colcon.colcon_core.shell:Creating environment hook '/home/spaaaaace/Ros2_mindvision/install/mindvision_camera/share/mindvision_camera/hook/ld_library_path_lib.ps1'
[3.125s] INFO:colcon.colcon_core.shell:Creating environment descriptor '/home/spaaaaace/Ros2_mindvision/install/mindvision_camera/share/mindvision_camera/hook/ld_library_path_lib.dsv'
[3.125s] INFO:colcon.colcon_core.shell:Creating environment hook '/home/spaaaaace/Ros2_mindvision/install/mindvision_camera/share/mindvision_camera/hook/ld_library_path_lib.sh'
[3.126s] Level 1:colcon.colcon_core.environment:checking '/home/spaaaaace/Ros2_mindvision/install/mindvision_camera/bin'
[3.126s] Level 1:colcon.colcon_core.environment:checking '/home/spaaaaace/Ros2_mindvision/install/mindvision_camera/lib/pkgconfig/mindvision_camera.pc'
[3.126s] Level 1:colcon.colcon_core.environment:checking '/home/spaaaaace/Ros2_mindvision/install/mindvision_camera/lib/python3.10/site-packages'
[3.126s] Level 1:colcon.colcon_core.environment:checking '/home/spaaaaace/Ros2_mindvision/install/mindvision_camera/bin'
[3.126s] INFO:colcon.colcon_core.shell:Creating package script '/home/spaaaaace/Ros2_mindvision/install/mindvision_camera/share/mindvision_camera/package.ps1'
[3.127s] INFO:colcon.colcon_core.shell:Creating package descriptor '/home/spaaaaace/Ros2_mindvision/install/mindvision_camera/share/mindvision_camera/package.dsv'
[3.127s] INFO:colcon.colcon_core.shell:Creating package script '/home/spaaaaace/Ros2_mindvision/install/mindvision_camera/share/mindvision_camera/package.sh'
[3.128s] INFO:colcon.colcon_core.shell:Creating package script '/home/spaaaaace/Ros2_mindvision/install/mindvision_camera/share/mindvision_camera/package.bash'
[3.128s] INFO:colcon.colcon_core.shell:Creating package script '/home/spaaaaace/Ros2_mindvision/install/mindvision_camera/share/mindvision_camera/package.zsh'
[3.128s] Level 1:colcon.colcon_core.environment:create_file_with_runtime_dependencies(/home/spaaaaace/Ros2_mindvision/install/mindvision_camera/share/colcon-core/packages/mindvision_camera)
[3.144s] Level 1:colcon.colcon_core.environment:create_environment_scripts_only(mindvision_camera)
[3.144s] Level 1:colcon.colcon_core.environment:checking '/home/spaaaaace/Ros2_mindvision/install/mindvision_camera' for CMake module files
[3.145s] Level 1:colcon.colcon_core.environment:checking '/home/spaaaaace/Ros2_mindvision/install/mindvision_camera' for CMake config files
[3.145s] Level 1:colcon.colcon_core.shell:create_environment_hook('mindvision_camera', 'cmake_prefix_path')
[3.145s] INFO:colcon.colcon_core.shell:Creating environment hook '/home/spaaaaace/Ros2_mindvision/install/mindvision_camera/share/mindvision_camera/hook/cmake_prefix_path.ps1'
[3.146s] INFO:colcon.colcon_core.shell:Creating environment descriptor '/home/spaaaaace/Ros2_mindvision/install/mindvision_camera/share/mindvision_camera/hook/cmake_prefix_path.dsv'
[3.146s] INFO:colcon.colcon_core.shell:Creating environment hook '/home/spaaaaace/Ros2_mindvision/install/mindvision_camera/share/mindvision_camera/hook/cmake_prefix_path.sh'
[3.147s] Level 1:colcon.colcon_core.environment:checking '/home/spaaaaace/Ros2_mindvision/install/mindvision_camera/lib'
[3.147s] Level 1:colcon.colcon_core.shell:create_environment_hook('mindvision_camera', 'ld_library_path_lib')
[3.147s] INFO:colcon.colcon_core.shell:Creating environment hook '/home/spaaaaace/Ros2_mindvision/install/mindvision_camera/share/mindvision_camera/hook/ld_library_path_lib.ps1'
[3.147s] INFO:colcon.colcon_core.shell:Creating environment descriptor '/home/spaaaaace/Ros2_mindvision/install/mindvision_camera/share/mindvision_camera/hook/ld_library_path_lib.dsv'
[3.147s] INFO:colcon.colcon_core.shell:Creating environment hook '/home/spaaaaace/Ros2_mindvision/install/mindvision_camera/share/mindvision_camera/hook/ld_library_path_lib.sh'
[3.147s] Level 1:colcon.colcon_core.environment:checking '/home/spaaaaace/Ros2_mindvision/install/mindvision_camera/bin'
[3.148s] Level 1:colcon.colcon_core.environment:checking '/home/spaaaaace/Ros2_mindvision/install/mindvision_camera/lib/pkgconfig/mindvision_camera.pc'
[3.148s] Level 1:colcon.colcon_core.environment:checking '/home/spaaaaace/Ros2_mindvision/install/mindvision_camera/lib/python3.10/site-packages'
[3.148s] Level 1:colcon.colcon_core.environment:checking '/home/spaaaaace/Ros2_mindvision/install/mindvision_camera/bin'
[3.148s] INFO:colcon.colcon_core.shell:Creating package script '/home/spaaaaace/Ros2_mindvision/install/mindvision_camera/share/mindvision_camera/package.ps1'
[3.148s] INFO:colcon.colcon_core.shell:Creating package descriptor '/home/spaaaaace/Ros2_mindvision/install/mindvision_camera/share/mindvision_camera/package.dsv'
[3.149s] INFO:colcon.colcon_core.shell:Creating package script '/home/spaaaaace/Ros2_mindvision/install/mindvision_camera/share/mindvision_camera/package.sh'
[3.149s] INFO:colcon.colcon_core.shell:Creating package script '/home/spaaaaace/Ros2_mindvision/install/mindvision_camera/share/mindvision_camera/package.bash'
[3.149s] INFO:colcon.colcon_core.shell:Creating package script '/home/spaaaaace/Ros2_mindvision/install/mindvision_camera/share/mindvision_camera/package.zsh'
[3.149s] Level 1:colcon.colcon_core.environment:create_file_with_runtime_dependencies(/home/spaaaaace/Ros2_mindvision/install/mindvision_camera/share/colcon-core/packages/mindvision_camera)
[3.400s] DEBUG:colcon.colcon_core.event_handler.log_command:Invoked command in '/home/spaaaaace/Ros2_mindvision/build/buff_detect' returned '0': CMAKE_PREFIX_PATH=${CMAKE_PREFIX_PATH}:/opt/ros/humble /usr/local/bin/cmake --build /home/spaaaaace/Ros2_mindvision/build/buff_detect -- -j22 -l22
[3.416s] DEBUG:colcon.colcon_core.event_handler.log_command:Invoking command in '/home/spaaaaace/Ros2_mindvision/build/buff_detect': CMAKE_PREFIX_PATH=${CMAKE_PREFIX_PATH}:/opt/ros/humble /usr/local/bin/cmake --install /home/spaaaaace/Ros2_mindvision/build/buff_detect
[3.420s] Level 1:colcon.colcon_core.environment:create_environment_scripts_only(buff_detect)
[3.420s] Level 1:colcon.colcon_core.environment:checking '/home/spaaaaace/Ros2_mindvision/install/buff_detect' for CMake module files
[3.420s] DEBUG:colcon.colcon_core.event_handler.log_command:Invoked command in '/home/spaaaaace/Ros2_mindvision/build/buff_detect' returned '0': CMAKE_PREFIX_PATH=${CMAKE_PREFIX_PATH}:/opt/ros/humble /usr/local/bin/cmake --install /home/spaaaaace/Ros2_mindvision/build/buff_detect
[3.421s] Level 1:colcon.colcon_core.environment:checking '/home/spaaaaace/Ros2_mindvision/install/buff_detect' for CMake config files
[3.421s] Level 1:colcon.colcon_core.shell:create_environment_hook('buff_detect', 'cmake_prefix_path')
[3.421s] INFO:colcon.colcon_core.shell:Creating environment hook '/home/spaaaaace/Ros2_mindvision/install/buff_detect/share/buff_detect/hook/cmake_prefix_path.ps1'
[3.421s] INFO:colcon.colcon_core.shell:Creating environment descriptor '/home/spaaaaace/Ros2_mindvision/install/buff_detect/share/buff_detect/hook/cmake_prefix_path.dsv'
[3.421s] INFO:colcon.colcon_core.shell:Creating environment hook '/home/spaaaaace/Ros2_mindvision/install/buff_detect/share/buff_detect/hook/cmake_prefix_path.sh'
[3.422s] Level 1:colcon.colcon_core.environment:checking '/home/spaaaaace/Ros2_mindvision/install/buff_detect/lib'
[3.422s] Level 1:colcon.colcon_core.environment:checking '/home/spaaaaace/Ros2_mindvision/install/buff_detect/bin'
[3.422s] Level 1:colcon.colcon_core.environment:checking '/home/spaaaaace/Ros2_mindvision/install/buff_detect/lib/pkgconfig/buff_detect.pc'
[3.422s] Level 1:colcon.colcon_core.environment:checking '/home/spaaaaace/Ros2_mindvision/install/buff_detect/lib/python3.10/site-packages'
[3.422s] Level 1:colcon.colcon_core.environment:checking '/home/spaaaaace/Ros2_mindvision/install/buff_detect/bin'
[3.422s] INFO:colcon.colcon_core.shell:Creating package script '/home/spaaaaace/Ros2_mindvision/install/buff_detect/share/buff_detect/package.ps1'
[3.422s] INFO:colcon.colcon_core.shell:Creating package descriptor '/home/spaaaaace/Ros2_mindvision/install/buff_detect/share/buff_detect/package.dsv'
[3.423s] INFO:colcon.colcon_core.shell:Creating package script '/home/spaaaaace/Ros2_mindvision/install/buff_detect/share/buff_detect/package.sh'
[3.423s] INFO:colcon.colcon_core.shell:Creating package script '/home/spaaaaace/Ros2_mindvision/install/buff_detect/share/buff_detect/package.bash'
[3.423s] INFO:colcon.colcon_core.shell:Creating package script '/home/spaaaaace/Ros2_mindvision/install/buff_detect/share/buff_detect/package.zsh'
[3.423s] Level 1:colcon.colcon_core.environment:create_file_with_runtime_dependencies(/home/spaaaaace/Ros2_mindvision/install/buff_detect/share/colcon-core/packages/buff_detect)
[3.436s] Level 1:colcon.colcon_core.environment:create_environment_scripts_only(buff_detect)
[3.436s] Level 1:colcon.colcon_core.environment:checking '/home/spaaaaace/Ros2_mindvision/install/buff_detect' for CMake module files
[3.436s] Level 1:colcon.colcon_core.environment:checking '/home/spaaaaace/Ros2_mindvision/install/buff_detect' for CMake config files
[3.436s] Level 1:colcon.colcon_core.shell:create_environment_hook('buff_detect', 'cmake_prefix_path')
[3.436s] INFO:colcon.colcon_core.shell:Creating environment hook '/home/spaaaaace/Ros2_mindvision/install/buff_detect/share/buff_detect/hook/cmake_prefix_path.ps1'
[3.436s] INFO:colcon.colcon_core.shell:Creating environment descriptor '/home/spaaaaace/Ros2_mindvision/install/buff_detect/share/buff_detect/hook/cmake_prefix_path.dsv'
[3.437s] INFO:colcon.colcon_core.shell:Creating environment hook '/home/spaaaaace/Ros2_mindvision/install/buff_detect/share/buff_detect/hook/cmake_prefix_path.sh'
[3.437s] Level 1:colcon.colcon_core.environment:checking '/home/spaaaaace/Ros2_mindvision/install/buff_detect/lib'
[3.437s] Level 1:colcon.colcon_core.environment:checking '/home/spaaaaace/Ros2_mindvision/install/buff_detect/bin'
[3.437s] Level 1:colcon.colcon_core.environment:checking '/home/spaaaaace/Ros2_mindvision/install/buff_detect/lib/pkgconfig/buff_detect.pc'
[3.437s] Level 1:colcon.colcon_core.environment:checking '/home/spaaaaace/Ros2_mindvision/install/buff_detect/lib/python3.10/site-packages'
[3.437s] Level 1:colcon.colcon_core.environment:checking '/home/spaaaaace/Ros2_mindvision/install/buff_detect/bin'
[3.437s] INFO:colcon.colcon_core.shell:Creating package script '/home/spaaaaace/Ros2_mindvision/install/buff_detect/share/buff_detect/package.ps1'
[3.438s] INFO:colcon.colcon_core.shell:Creating package descriptor '/home/spaaaaace/Ros2_mindvision/install/buff_detect/share/buff_detect/package.dsv'
[3.438s] INFO:colcon.colcon_core.shell:Creating package script '/home/spaaaaace/Ros2_mindvision/install/buff_detect/share/buff_detect/package.sh'
[3.438s] INFO:colcon.colcon_core.shell:Creating package script '/home/spaaaaace/Ros2_mindvision/install/buff_detect/share/buff_detect/package.bash'
[3.438s] INFO:colcon.colcon_core.shell:Creating package script '/home/spaaaaace/Ros2_mindvision/install/buff_detect/share/buff_detect/package.zsh'
[3.439s] Level 1:colcon.colcon_core.environment:create_file_with_runtime_dependencies(/home/spaaaaace/Ros2_mindvision/install/buff_detect/share/colcon-core/packages/buff_detect)
[3.439s] DEBUG:colcon.colcon_parallel_executor.executor.parallel:closing loop
[3.440s] DEBUG:colcon.colcon_parallel_executor.executor.parallel:loop closed
[3.440s] DEBUG:colcon.colcon_parallel_executor.executor.parallel:run_until_complete finished with '0'
[3.440s] DEBUG:colcon.colcon_core.event_reactor:joining thread
[3.445s] INFO:colcon.colcon_core.plugin_system:Skipping extension 'colcon_notification.desktop_notification.terminal_notifier': Not used on non-Darwin systems
[3.445s] INFO:colcon.colcon_core.plugin_system:Skipping extension 'colcon_notification.desktop_notification.win32': Not used on non-Windows systems
[3.445s] INFO:colcon.colcon_notification.desktop_notification:Sending desktop notification using 'notify2'
[3.455s] DEBUG:colcon.colcon_core.event_reactor:joined thread
[3.456s] INFO:colcon.colcon_core.shell:Creating prefix script '/home/spaaaaace/Ros2_mindvision/install/local_setup.ps1'
[3.457s] INFO:colcon.colcon_core.shell:Creating prefix util module '/home/spaaaaace/Ros2_mindvision/install/_local_setup_util_ps1.py'
[3.458s] INFO:colcon.colcon_core.shell:Creating prefix chain script '/home/spaaaaace/Ros2_mindvision/install/setup.ps1'
[3.459s] INFO:colcon.colcon_core.shell:Creating prefix script '/home/spaaaaace/Ros2_mindvision/install/local_setup.sh'
[3.460s] INFO:colcon.colcon_core.shell:Creating prefix util module '/home/spaaaaace/Ros2_mindvision/install/_local_setup_util_sh.py'
[3.460s] INFO:colcon.colcon_core.shell:Creating prefix chain script '/home/spaaaaace/Ros2_mindvision/install/setup.sh'
[3.461s] INFO:colcon.colcon_core.shell:Creating prefix script '/home/spaaaaace/Ros2_mindvision/install/local_setup.bash'
[3.462s] INFO:colcon.colcon_core.shell:Creating prefix chain script '/home/spaaaaace/Ros2_mindvision/install/setup.bash'
[3.462s] INFO:colcon.colcon_core.shell:Creating prefix script '/home/spaaaaace/Ros2_mindvision/install/local_setup.zsh'
[3.463s] INFO:colcon.colcon_core.shell:Creating prefix chain script '/home/spaaaaace/Ros2_mindvision/install/setup.zsh'
