[0.010s] Invoking command in '/home/spaaaaace/Ros2_mindvision/build/buff_detect': CMAKE_PREFIX_PATH=${CMAKE_PREFIX_PATH}:/opt/ros/humble /usr/local/bin/cmake --build /home/spaaaaace/Ros2_mindvision/build/buff_detect -- -j22 -l22
[0.019s] -- Found ament_cmake: 1.3.10 (/opt/ros/humble/share/ament_cmake/cmake)
[0.073s] -- Found rclcpp: 16.0.10 (/opt/ros/humble/share/rclcpp/cmake)
[0.091s] -- Found rosidl_generator_c: 3.1.5 (/opt/ros/humble/share/rosidl_generator_c/cmake)
[0.092s] -- Found rosidl_adapter: 3.1.5 (/opt/ros/humble/share/rosidl_adapter/cmake)
[0.096s] -- Found rosidl_generator_cpp: 3.1.5 (/opt/ros/humble/share/rosidl_generator_cpp/cmake)
[0.102s] -- Using all available rosidl_typesupport_c: rosidl_typesupport_fastrtps_c;rosidl_typesupport_introspection_c
[0.110s] -- Using all available rosidl_typesupport_cpp: rosidl_typesupport_fastrtps_cpp;rosidl_typesupport_introspection_cpp
[0.132s] -- Found rmw_implementation_cmake: 6.1.2 (/opt/ros/humble/share/rmw_implementation_cmake/cmake)
[0.133s] -- Found rmw_fastrtps_cpp: 6.2.7 (/opt/ros/humble/share/rmw_fastrtps_cpp/cmake)
[0.216s] -- Using RMW implementation 'rmw_fastrtps_cpp' as default
[0.254s] -- Found sensor_msgs: 4.2.4 (/opt/ros/humble/share/sensor_msgs/cmake)
[0.276s] -- Found cv_bridge: 3.2.1 (/opt/ros/humble/share/cv_bridge/cmake)
[0.277s] -- Found ament_lint_auto: 0.12.11 (/opt/ros/humble/share/ament_lint_auto/cmake)
[0.319s] -- Added test 'cppcheck' to perform static code analysis on C / C++ code
[0.319s] -- Configured cppcheck include dirs: 
[0.319s] -- Configured cppcheck exclude dirs and/or files: 
[0.319s] -- Added test 'lint_cmake' to check CMake code style
[0.320s] -- Added test 'uncrustify' to check C / C++ code style
[0.320s] -- Configured uncrustify additional arguments: 
[0.320s] -- Added test 'xmllint' to check XML markup files
[0.320s] -- Configuring done (0.3s)
[0.326s] -- Generating done (0.0s)
[0.327s] -- Build files have been written to: /home/spaaaaace/Ros2_mindvision/build/buff_detect
[0.344s] [ 50%] [32mBuilding CXX object CMakeFiles/buff_detect.dir/src/buff_detect.cpp.o[0m
[2.177s] [01m[K/home/spaaaaace/Ros2_mindvision/src/buff_detect/src/buff_detect.cpp:[m[K In function ‘[01m[Kint main(int, char**)[m[K’:
[2.177s] [01m[K/home/spaaaaace/Ros2_mindvision/src/buff_detect/src/buff_detect.cpp:95:15:[m[K [01;35m[Kwarning: [m[Kunused variable ‘[01m[Kcolor[m[K’ [[01;35m[K]8;;https://gcc.gnu.org/onlinedocs/gcc/Warning-Options.html#index-Wunused-variable-Wunused-variable]8;;[m[K]
[2.177s]    95 |         Color [01;35m[Kcolor[m[K = BLUE;
[2.178s]       |               [01;35m[K^~~~~[m[K
[5.748s] [100%] [32m[1mLinking CXX executable buff_detect[0m
[5.852s] /usr/bin/ld: warning: libopencv_imgcodecs.so.4.5d, needed by /opt/ros/humble/lib/libcv_bridge.so, may conflict with libopencv_imgcodecs.so.410
[5.853s] /usr/bin/ld: warning: libopencv_imgproc.so.4.5d, needed by /opt/ros/humble/lib/libcv_bridge.so, may conflict with libopencv_imgproc.so.410
[5.853s] /usr/bin/ld: warning: libopencv_core.so.4.5d, needed by /opt/ros/humble/lib/libcv_bridge.so, may conflict with libopencv_core.so.410
[6.132s] [100%] Built target buff_detect
[6.141s] Invoked command in '/home/spaaaaace/Ros2_mindvision/build/buff_detect' returned '0': CMAKE_PREFIX_PATH=${CMAKE_PREFIX_PATH}:/opt/ros/humble /usr/local/bin/cmake --build /home/spaaaaace/Ros2_mindvision/build/buff_detect -- -j22 -l22
[6.160s] Invoking command in '/home/spaaaaace/Ros2_mindvision/build/buff_detect': CMAKE_PREFIX_PATH=${CMAKE_PREFIX_PATH}:/opt/ros/humble /usr/local/bin/cmake --install /home/spaaaaace/Ros2_mindvision/build/buff_detect
[6.161s] -- Install configuration: ""
[6.161s] -- Installing: /home/spaaaaace/Ros2_mindvision/install/buff_detect/lib/buff_detect/buff_detect
[6.164s] -- Set runtime path of "/home/spaaaaace/Ros2_mindvision/install/buff_detect/lib/buff_detect/buff_detect" to ""
[6.164s] -- Installing: /home/spaaaaace/Ros2_mindvision/install/buff_detect/share/ament_index/resource_index/package_run_dependencies/buff_detect
[6.164s] -- Up-to-date: /home/spaaaaace/Ros2_mindvision/install/buff_detect/share/ament_index/resource_index/parent_prefix_path/buff_detect
[6.164s] -- Up-to-date: /home/spaaaaace/Ros2_mindvision/install/buff_detect/share/buff_detect/environment/ament_prefix_path.sh
[6.164s] -- Installing: /home/spaaaaace/Ros2_mindvision/install/buff_detect/share/buff_detect/environment/ament_prefix_path.dsv
[6.164s] -- Up-to-date: /home/spaaaaace/Ros2_mindvision/install/buff_detect/share/buff_detect/environment/path.sh
[6.164s] -- Installing: /home/spaaaaace/Ros2_mindvision/install/buff_detect/share/buff_detect/environment/path.dsv
[6.164s] -- Up-to-date: /home/spaaaaace/Ros2_mindvision/install/buff_detect/share/buff_detect/local_setup.bash
[6.164s] -- Up-to-date: /home/spaaaaace/Ros2_mindvision/install/buff_detect/share/buff_detect/local_setup.sh
[6.164s] -- Up-to-date: /home/spaaaaace/Ros2_mindvision/install/buff_detect/share/buff_detect/local_setup.zsh
[6.164s] -- Installing: /home/spaaaaace/Ros2_mindvision/install/buff_detect/share/buff_detect/local_setup.dsv
[6.165s] -- Installing: /home/spaaaaace/Ros2_mindvision/install/buff_detect/share/buff_detect/package.dsv
[6.165s] -- Up-to-date: /home/spaaaaace/Ros2_mindvision/install/buff_detect/share/ament_index/resource_index/packages/buff_detect
[6.165s] -- Up-to-date: /home/spaaaaace/Ros2_mindvision/install/buff_detect/share/buff_detect/cmake/buff_detectConfig.cmake
[6.165s] -- Up-to-date: /home/spaaaaace/Ros2_mindvision/install/buff_detect/share/buff_detect/cmake/buff_detectConfig-version.cmake
[6.165s] -- Installing: /home/spaaaaace/Ros2_mindvision/install/buff_detect/share/buff_detect/package.xml
[6.166s] Invoked command in '/home/spaaaaace/Ros2_mindvision/build/buff_detect' returned '0': CMAKE_PREFIX_PATH=${CMAKE_PREFIX_PATH}:/opt/ros/humble /usr/local/bin/cmake --install /home/spaaaaace/Ros2_mindvision/build/buff_detect
