[ 50%] [32mBuilding CXX object CMakeFiles/buff_detect.dir/src/buff_detect.cpp.o[0m
[100%] [32m[1mLinking CXX executable buff_detect[0m
[100%] Built target buff_detect
-- Install configuration: ""
-- Installing: /home/spaaaaace/Ros2_mindvision/src/buff_detect/install/buff_detect/lib/buff_detect/buff_detect
-- Set runtime path of "/home/spaaaaace/Ros2_mindvision/src/buff_detect/install/buff_detect/lib/buff_detect/buff_detect" to ""
-- Installing: /home/spaaaaace/Ros2_mindvision/src/buff_detect/install/buff_detect/share/ament_index/resource_index/package_run_dependencies/buff_detect
-- Installing: /home/spaaaaace/Ros2_mindvision/src/buff_detect/install/buff_detect/share/ament_index/resource_index/parent_prefix_path/buff_detect
-- Installing: /home/spaaaaace/Ros2_mindvision/src/buff_detect/install/buff_detect/share/buff_detect/environment/ament_prefix_path.sh
-- Installing: /home/spaaaaace/Ros2_mindvision/src/buff_detect/install/buff_detect/share/buff_detect/environment/ament_prefix_path.dsv
-- Installing: /home/spaaaaace/Ros2_mindvision/src/buff_detect/install/buff_detect/share/buff_detect/environment/path.sh
-- Installing: /home/spaaaaace/Ros2_mindvision/src/buff_detect/install/buff_detect/share/buff_detect/environment/path.dsv
-- Installing: /home/spaaaaace/Ros2_mindvision/src/buff_detect/install/buff_detect/share/buff_detect/local_setup.bash
-- Installing: /home/spaaaaace/Ros2_mindvision/src/buff_detect/install/buff_detect/share/buff_detect/local_setup.sh
-- Installing: /home/spaaaaace/Ros2_mindvision/src/buff_detect/install/buff_detect/share/buff_detect/local_setup.zsh
-- Installing: /home/spaaaaace/Ros2_mindvision/src/buff_detect/install/buff_detect/share/buff_detect/local_setup.dsv
-- Installing: /home/spaaaaace/Ros2_mindvision/src/buff_detect/install/buff_detect/share/buff_detect/package.dsv
-- Installing: /home/spaaaaace/Ros2_mindvision/src/buff_detect/install/buff_detect/share/ament_index/resource_index/packages/buff_detect
-- Installing: /home/spaaaaace/Ros2_mindvision/src/buff_detect/install/buff_detect/share/buff_detect/cmake/buff_detectConfig.cmake
-- Installing: /home/spaaaaace/Ros2_mindvision/src/buff_detect/install/buff_detect/share/buff_detect/cmake/buff_detectConfig-version.cmake
-- Installing: /home/spaaaaace/Ros2_mindvision/src/buff_detect/install/buff_detect/share/buff_detect/package.xml
