-- Found ament_cmake_auto: 1.3.10 (/opt/ros/humble/share/ament_cmake_auto/cmake)
-- Override CMake install command with custom implementation using symlinks instead of copying resources
-- Found rosidl_generator_c: 3.1.5 (/opt/ros/humble/share/rosidl_generator_c/cmake)
-- Found rosidl_adapter: 3.1.5 (/opt/ros/humble/share/rosidl_adapter/cmake)
-- Found rosidl_generator_cpp: 3.1.5 (/opt/ros/humble/share/rosidl_generator_cpp/cmake)
-- Using all available rosidl_typesupport_c: rosidl_typesupport_fastrtps_c;rosidl_typesupport_introspection_c
-- Using all available rosidl_typesupport_cpp: rosidl_typesupport_fastrtps_cpp;rosidl_typesupport_introspection_cpp
-- Found rmw_implementation_cmake: 6.1.2 (/opt/ros/humble/share/rmw_implementation_cmake/cmake)
-- Found rmw_fastrtps_cpp: 6.2.7 (/opt/ros/humble/share/rmw_fastrtps_cpp/cmake)
-- Using RMW implementation 'rmw_fastrtps_cpp' as default
-- Found ament_lint_auto: 0.12.11 (/opt/ros/humble/share/ament_lint_auto/cmake)
-- Added test 'cppcheck' to perform static code analysis on C / C++ code
-- Configured cppcheck include dirs: /home/spaaaaace/Ros2_mindvision/src/mindvision_camera/mvsdk/include
-- Configured cppcheck exclude dirs and/or files: 
-- Added test 'flake8' to check Python code syntax and style conventions
-- Added test 'lint_cmake' to check CMake code style
-- Added test 'pep257' to check Python code against some of the docstring style conventions in PEP 257
-- Added test 'xmllint' to check XML markup files
-- Configuring done (0.3s)
-- Generating done (0.0s)
-- Build files have been written to: /home/spaaaaace/Ros2_mindvision/build/mindvision_camera
[ 25%] [32m[1mLinking CXX shared library libmindvision_camera.so[0m
[ 50%] [32m[1mLinking CXX executable mindvision_camera_node[0m
[ 75%] Built target mindvision_camera_node
[100%] Built target mindvision_camera
-- Install configuration: ""
-- Execute custom install script
-- Symlinking: /home/spaaaaace/Ros2_mindvision/install/mindvision_camera/lib/mindvision_camera/mindvision_camera_node
-- Symlinking: /home/spaaaaace/Ros2_mindvision/install/mindvision_camera/share/mindvision_camera/environment/library_path.sh
-- Symlinking: /home/spaaaaace/Ros2_mindvision/install/mindvision_camera/share/mindvision_camera/environment/library_path.dsv
-- Symlinking: /home/spaaaaace/Ros2_mindvision/install/mindvision_camera/lib/libmindvision_camera.so
-- Symlinking: /home/spaaaaace/Ros2_mindvision/install/mindvision_camera/share/mindvision_camera/config/camera_info.yaml
-- Symlinking: /home/spaaaaace/Ros2_mindvision/install/mindvision_camera/share/mindvision_camera/config/camera_params.yaml
-- Symlinking: /home/spaaaaace/Ros2_mindvision/install/mindvision_camera/share/mindvision_camera/launch/mv_launch.py
-- Symlinking: /home/spaaaaace/Ros2_mindvision/install/mindvision_camera/share/ament_index/resource_index/package_run_dependencies/mindvision_camera
-- Symlinking: /home/spaaaaace/Ros2_mindvision/install/mindvision_camera/share/ament_index/resource_index/parent_prefix_path/mindvision_camera
-- Symlinking: /home/spaaaaace/Ros2_mindvision/install/mindvision_camera/share/mindvision_camera/environment/ament_prefix_path.sh
-- Symlinking: /home/spaaaaace/Ros2_mindvision/install/mindvision_camera/share/mindvision_camera/environment/ament_prefix_path.dsv
-- Symlinking: /home/spaaaaace/Ros2_mindvision/install/mindvision_camera/share/mindvision_camera/environment/path.sh
-- Symlinking: /home/spaaaaace/Ros2_mindvision/install/mindvision_camera/share/mindvision_camera/environment/path.dsv
-- Symlinking: /home/spaaaaace/Ros2_mindvision/install/mindvision_camera/share/mindvision_camera/local_setup.bash
-- Symlinking: /home/spaaaaace/Ros2_mindvision/install/mindvision_camera/share/mindvision_camera/local_setup.sh
-- Symlinking: /home/spaaaaace/Ros2_mindvision/install/mindvision_camera/share/mindvision_camera/local_setup.zsh
-- Symlinking: /home/spaaaaace/Ros2_mindvision/install/mindvision_camera/share/mindvision_camera/local_setup.dsv
-- Symlinking: /home/spaaaaace/Ros2_mindvision/install/mindvision_camera/share/mindvision_camera/package.dsv
-- Symlinking: /home/spaaaaace/Ros2_mindvision/install/mindvision_camera/share/ament_index/resource_index/packages/mindvision_camera
-- Symlinking: /home/spaaaaace/Ros2_mindvision/install/mindvision_camera/share/ament_index/resource_index/rclcpp_components/mindvision_camera
-- Symlinking: /home/spaaaaace/Ros2_mindvision/install/mindvision_camera/share/mindvision_camera/cmake/ament_cmake_export_dependencies-extras.cmake
-- Symlinking: /home/spaaaaace/Ros2_mindvision/install/mindvision_camera/share/mindvision_camera/cmake/ament_cmake_export_libraries-extras.cmake
-- Symlinking: /home/spaaaaace/Ros2_mindvision/install/mindvision_camera/share/mindvision_camera/cmake/mindvision_cameraConfig.cmake
-- Symlinking: /home/spaaaaace/Ros2_mindvision/install/mindvision_camera/share/mindvision_camera/cmake/mindvision_cameraConfig-version.cmake
-- Symlinking: /home/spaaaaace/Ros2_mindvision/install/mindvision_camera/share/mindvision_camera/package.xml
